<?xml version="1.0" encoding="UTF-8"?>
<coverage generated="1775228677903" clover="3.2.0">
  <project timestamp="1775228677903" name="All files">
    <metrics statements="417" coveredstatements="306" conditionals="176" coveredconditionals="97" methods="80" coveredmethods="56" elements="673" coveredelements="459" complexity="0" loc="417" ncloc="417" packages="1" files="4" classes="4"/>
    <file name="App.tsx" path="D:\Qoder\Demo-pg\handle\handle-wordle\src\App.tsx">
      <metrics statements="202" coveredstatements="120" conditionals="94" coveredconditionals="35" methods="51" coveredmethods="31"/>
      <line num="1" count="2" type="stmt"/>
      <line num="2" count="2" type="stmt"/>
      <line num="3" count="2" type="stmt"/>
      <line num="4" count="2" type="stmt"/>
      <line num="5" count="2" type="stmt"/>
      <line num="7" count="2" type="stmt"/>
      <line num="8" count="2" type="stmt"/>
      <line num="22" count="35" type="stmt"/>
      <line num="24" count="35" type="stmt"/>
      <line num="25" count="35" type="stmt"/>
      <line num="26" count="35" type="stmt"/>
      <line num="27" count="35" type="stmt"/>
      <line num="28" count="35" type="stmt"/>
      <line num="29" count="35" type="stmt"/>
      <line num="30" count="35" type="stmt"/>
      <line num="32" count="35" type="stmt"/>
      <line num="33" count="0" type="stmt"/>
      <line num="34" count="0" type="stmt"/>
      <line num="35" count="0" type="stmt"/>
      <line num="36" count="0" type="stmt"/>
      <line num="37" count="0" type="stmt"/>
      <line num="38" count="0" type="stmt"/>
      <line num="42" count="35" type="stmt"/>
      <line num="44" count="4" type="stmt"/>
      <line num="48" count="35" type="stmt"/>
      <line num="50" count="4" type="cond" truecount="1" falsecount="0"/>
      <line num="51" count="2" type="stmt"/>
      <line num="58" count="2" type="cond" truecount="1" falsecount="0"/>
      <line num="59" count="1" type="stmt"/>
      <line num="66" count="1" type="cond" truecount="1" falsecount="0"/>
      <line num="67" count="1" type="stmt"/>
      <line num="74" count="0" type="cond" truecount="0" falsecount="1"/>
      <line num="75" count="0" type="stmt"/>
      <line num="81" count="0" type="stmt"/>
      <line num="85" count="35" type="stmt"/>
      <line num="86" count="5" type="stmt"/>
      <line num="90" count="35" type="stmt"/>
      <line num="91" count="6" type="stmt"/>
      <line num="92" count="6" type="stmt"/>
      <line num="95" count="6" type="cond" truecount="0" falsecount="1"/>
      <line num="98" count="6" type="cond" truecount="0" falsecount="1"/>
      <line num="99" count="0" type="stmt"/>
      <line num="103" count="6" type="stmt"/>
      <line num="104" count="4" type="stmt"/>
      <line num="105" count="4" type="cond" truecount="1" falsecount="0"/>
      <line num="106" count="4" type="stmt"/>
      <line num="110" count="6" type="stmt"/>
      <line num="114" count="35" type="stmt"/>
      <line num="115" count="19" type="stmt"/>
      <line num="116" count="19" type="cond" truecount="1" falsecount="0"/>
      <line num="117" count="6" type="stmt"/>
      <line num="123" count="35" type="stmt"/>
      <line num="125" count="0" type="stmt"/>
      <line num="126" count="0" type="stmt"/>
      <line num="127" count="0" type="stmt"/>
      <line num="128" count="0" type="stmt"/>
      <line num="129" count="0" type="stmt"/>
      <line num="132" count="0" type="stmt"/>
      <line num="133" count="0" type="stmt"/>
      <line num="138" count="35" type="stmt"/>
      <line num="139" count="0" type="stmt"/>
      <line num="140" count="0" type="stmt"/>
      <line num="141" count="0" type="cond" truecount="0" falsecount="2"/>
      <line num="143" count="0" type="stmt"/>
      <line num="144" count="0" type="cond" truecount="0" falsecount="2"/>
      <line num="146" count="0" type="stmt"/>
      <line num="149" count="0" type="stmt"/>
      <line num="151" count="0" type="stmt"/>
      <line num="152" count="0" type="stmt"/>
      <line num="154" count="0" type="stmt"/>
      <line num="159" count="35" type="stmt"/>
      <line num="160" count="1" type="cond" truecount="1" falsecount="0"/>
      <line num="161" count="1" type="cond" truecount="1" falsecount="0"/>
      <line num="163" count="1" type="stmt"/>
      <line num="164" count="1" type="stmt"/>
      <line num="167" count="0" type="cond" truecount="0" falsecount="2"/>
      <line num="169" count="0" type="stmt"/>
      <line num="170" count="0" type="stmt"/>
      <line num="171" count="0" type="stmt"/>
      <line num="174" count="0" type="stmt"/>
      <line num="177" count="0" type="stmt"/>
      <line num="178" count="0" type="stmt"/>
      <line num="179" count="0" type="stmt"/>
      <line num="183" count="0" type="stmt"/>
      <line num="189" count="35" type="stmt"/>
      <line num="190" count="13" type="cond" truecount="2" falsecount="1"/>
      <line num="193" count="0" type="cond" truecount="0" falsecount="2"/>
      <line num="195" count="0" type="stmt"/>
      <line num="197" count="0" type="stmt"/>
      <line num="198" count="0" type="stmt"/>
      <line num="199" count="0" type="stmt"/>
      <line num="202" count="0" type="stmt"/>
      <line num="203" count="0" type="stmt"/>
      <line num="207" count="0" type="stmt"/>
      <line num="209" count="0" type="stmt"/>
      <line num="210" count="0" type="stmt"/>
      <line num="211" count="0" type="stmt"/>
      <line num="214" count="0" type="stmt"/>
      <line num="215" count="0" type="stmt"/>
      <line num="220" count="0" type="stmt"/>
      <line num="221" count="0" type="cond" truecount="0" falsecount="1"/>
      <line num="222" count="0" type="stmt"/>
      <line num="228" count="35" type="stmt"/>
      <line num="229" count="35" type="stmt"/>
      <line num="230" count="35" type="stmt"/>
      <line num="231" count="35" type="stmt"/>
      <line num="232" count="35" type="stmt"/>
      <line num="233" count="35" type="stmt"/>
      <line num="235" count="35" type="stmt"/>
      <line num="237" count="94" type="stmt"/>
      <line num="238" count="0" type="stmt"/>
      <line num="239" count="0" type="stmt"/>
      <line num="240" count="0" type="cond" truecount="0" falsecount="5"/>
      <line num="241" count="0" type="stmt"/>
      <line num="242" count="0" type="cond" truecount="0" falsecount="4"/>
      <line num="243" count="0" type="stmt"/>
      <line num="249" count="94" type="stmt"/>
      <line num="250" count="0" type="stmt"/>
      <line num="251" count="0" type="stmt"/>
      <line num="252" count="0" type="cond" truecount="0" falsecount="5"/>
      <line num="253" count="0" type="stmt"/>
      <line num="254" count="0" type="cond" truecount="0" falsecount="4"/>
      <line num="255" count="0" type="stmt"/>
      <line num="260" count="94" type="stmt"/>
      <line num="263" count="35" type="stmt"/>
      <line num="264" count="3" type="stmt"/>
      <line num="265" count="3" type="stmt"/>
      <line num="266" count="3" type="stmt"/>
      <line num="267" count="3" type="stmt"/>
      <line num="268" count="3" type="stmt"/>
      <line num="269" count="3" type="stmt"/>
      <line num="270" count="3" type="stmt"/>
      <line num="273" count="35" type="stmt"/>
      <line num="274" count="3" type="cond" truecount="0" falsecount="1"/>
      <line num="275" count="3" type="stmt"/>
      <line num="276" count="3" type="stmt"/>
      <line num="277" count="3" type="stmt"/>
      <line num="278" count="3" type="stmt"/>
      <line num="279" count="3" type="stmt"/>
      <line num="280" count="6" type="stmt"/>
      <line num="281" count="6" type="cond" truecount="1" falsecount="0"/>
      <line num="282" count="3" type="stmt"/>
      <line num="283" count="3" type="stmt"/>
      <line num="284" count="3" type="stmt"/>
      <line num="287" count="3" type="cond" truecount="0" falsecount="1"/>
      <line num="288" count="3" type="stmt"/>
      <line num="289" count="3" type="cond" truecount="1" falsecount="7"/>
      <line num="290" count="0" type="stmt"/>
      <line num="291" count="3" type="stmt"/>
      <line num="292" count="0" type="stmt"/>
      <line num="293" count="0" type="stmt"/>
      <line num="294" count="0" type="stmt"/>
      <line num="296" count="0" type="stmt"/>
      <line num="297" count="0" type="stmt"/>
      <line num="299" count="3" type="stmt"/>
      <line num="300" count="3" type="stmt"/>
      <line num="303" count="35" type="stmt"/>
      <line num="310" count="2" type="stmt"/>
      <line num="317" count="3" type="cond" truecount="1" falsecount="0"/>
      <line num="318" count="3" type="stmt"/>
      <line num="319" count="3" type="stmt"/>
      <line num="320" count="3" type="stmt"/>
      <line num="322" count="3" type="stmt"/>
      <line num="329" count="2" type="stmt"/>
      <line num="351" count="0" type="stmt"/>
      <line num="353" count="0" type="stmt"/>
      <line num="355" count="0" type="stmt"/>
      <line num="356" count="0" type="cond" truecount="0" falsecount="1"/>
      <line num="357" count="0" type="stmt"/>
      <line num="361" count="1" type="cond" truecount="1" falsecount="0"/>
      <line num="362" count="1" type="stmt"/>
      <line num="363" count="1" type="stmt"/>
      <line num="411" count="0" type="stmt"/>
      <line num="416" count="0" type="stmt"/>
      <line num="432" count="0" type="stmt"/>
      <line num="485" count="0" type="stmt"/>
      <line num="489" count="1" type="stmt"/>
      <line num="495" count="1" type="stmt"/>
      <line num="509" count="8" type="stmt"/>
      <line num="521" count="8" type="cond" truecount="2" falsecount="0"/>
      <line num="533" count="8" type="stmt"/>
      <line num="547" count="8" type="stmt"/>
      <line num="565" count="0" type="stmt"/>
      <line num="569" count="2" type="stmt"/>
      <line num="575" count="1" type="stmt"/>
      <line num="595" count="1" type="stmt"/>
      <line num="608" count="0" type="stmt"/>
      <line num="612" count="1" type="stmt"/>
      <line num="618" count="1" type="stmt"/>
      <line num="629" count="46" type="stmt"/>
      <line num="630" count="46" type="stmt"/>
      <line num="631" count="46" type="cond" truecount="0" falsecount="1"/>
      <line num="632" count="46" type="cond" truecount="0" falsecount="1"/>
      <line num="633" count="46" type="stmt"/>
      <line num="649" count="48" type="stmt"/>
      <line num="650" count="48" type="stmt"/>
      <line num="651" count="48" type="cond" truecount="0" falsecount="1"/>
      <line num="652" count="48" type="cond" truecount="0" falsecount="1"/>
      <line num="653" count="48" type="stmt"/>
      <line num="674" count="8" type="stmt"/>
      <line num="691" count="0" type="stmt"/>
      <line num="699" count="2" type="stmt"/>
    </file>
    <file name="Cell.tsx" path="D:\Qoder\Demo-pg\handle\handle-wordle\src\Cell.tsx">
      <metrics statements="63" coveredstatements="47" conditionals="40" coveredconditionals="27" methods="5" coveredmethods="5"/>
      <line num="9" count="3" type="cond" truecount="2" falsecount="0"/>
      <line num="10" count="5" type="stmt"/>
      <line num="13" count="5" type="stmt"/>
      <line num="14" count="5" type="cond" truecount="4" falsecount="0"/>
      <line num="16" count="1" type="stmt"/>
      <line num="18" count="1" type="stmt"/>
      <line num="20" count="2" type="stmt"/>
      <line num="22" count="1" type="stmt"/>
      <line num="27" count="5" type="stmt"/>
      <line num="28" count="5" type="cond" truecount="4" falsecount="0"/>
      <line num="29" count="4" type="stmt"/>
      <line num="31" count="1" type="stmt"/>
      <line num="35" count="5" type="stmt"/>
      <line num="37" count="8" type="cond" truecount="1" falsecount="0"/>
      <line num="38" count="2" type="stmt"/>
      <line num="41" count="6" type="cond" truecount="1" falsecount="0"/>
      <line num="42" count="2" type="stmt"/>
      <line num="45" count="4" type="cond" truecount="1" falsecount="0"/>
      <line num="46" count="4" type="cond" truecount="3" falsecount="1"/>
      <line num="48" count="1" type="stmt"/>
      <line num="50" count="1" type="stmt"/>
      <line num="52" count="2" type="stmt"/>
      <line num="54" count="0" type="stmt"/>
      <line num="58" count="0" type="cond" truecount="0" falsecount="4"/>
      <line num="60" count="0" type="stmt"/>
      <line num="62" count="0" type="stmt"/>
      <line num="64" count="0" type="stmt"/>
      <line num="66" count="0" type="stmt"/>
      <line num="71" count="5" type="stmt"/>
      <line num="72" count="5" type="cond" truecount="1" falsecount="0"/>
      <line num="73" count="1" type="stmt"/>
      <line num="76" count="4" type="stmt"/>
      <line num="77" count="4" type="stmt"/>
      <line num="80" count="4" type="stmt"/>
      <line num="81" count="4" type="stmt"/>
      <line num="84" count="4" type="stmt"/>
      <line num="85" count="6" type="stmt"/>
      <line num="86" count="6" type="cond" truecount="1" falsecount="0"/>
      <line num="87" count="4" type="stmt"/>
      <line num="88" count="4" type="stmt"/>
      <line num="89" count="4" type="stmt"/>
      <line num="93" count="4" type="cond" truecount="0" falsecount="1"/>
      <line num="94" count="0" type="stmt"/>
      <line num="98" count="4" type="stmt"/>
      <line num="99" count="4" type="cond" truecount="2" falsecount="6"/>
      <line num="101" count="3" type="stmt"/>
      <line num="102" count="3" type="stmt"/>
      <line num="104" count="0" type="stmt"/>
      <line num="105" count="0" type="stmt"/>
      <line num="107" count="1" type="stmt"/>
      <line num="108" count="1" type="stmt"/>
      <line num="110" count="0" type="stmt"/>
      <line num="111" count="0" type="stmt"/>
      <line num="113" count="0" type="stmt"/>
      <line num="114" count="0" type="stmt"/>
      <line num="117" count="0" type="stmt"/>
      <line num="118" count="0" type="stmt"/>
      <line num="120" count="0" type="stmt"/>
      <line num="123" count="4" type="stmt"/>
      <line num="124" count="4" type="stmt"/>
      <line num="128" count="5" type="stmt"/>
      <line num="129" count="5" type="stmt"/>
      <line num="131" count="5" type="stmt"/>
    </file>
    <file name="Toast.tsx" path="D:\Qoder\Demo-pg\handle\handle-wordle\src\Toast.tsx">
      <metrics statements="17" coveredstatements="12" conditionals="7" coveredconditionals="4" methods="6" coveredmethods="4"/>
      <line num="1" count="2" type="stmt"/>
      <line num="10" count="2" type="cond" truecount="1" falsecount="0"/>
      <line num="11" count="5" type="stmt"/>
      <line num="13" count="5" type="stmt"/>
      <line num="14" count="5" type="stmt"/>
      <line num="15" count="0" type="stmt"/>
      <line num="16" count="0" type="stmt"/>
      <line num="19" count="5" type="stmt"/>
      <line num="22" count="5" type="stmt"/>
      <line num="23" count="5" type="cond" truecount="1" falsecount="1"/>
      <line num="24" count="5" type="stmt"/>
      <line num="31" count="0" type="stmt"/>
      <line num="40" count="5" type="stmt"/>
      <line num="42" count="5" type="stmt"/>
      <line num="65" count="0" type="stmt"/>
      <line num="66" count="0" type="stmt"/>
      <line num="78" count="2" type="stmt"/>
    </file>
    <file name="useGame.ts" path="D:\Qoder\Demo-pg\handle\handle-wordle\src\useGame.ts">
      <metrics statements="135" coveredstatements="127" conditionals="35" coveredconditionals="31" methods="18" coveredmethods="16"/>
      <line num="1" count="1" type="stmt"/>
      <line num="3" count="1" type="stmt"/>
      <line num="4" count="1" type="stmt"/>
      <line num="6" count="1" type="stmt"/>
      <line num="7" count="1" type="stmt"/>
      <line num="11" count="108" type="stmt"/>
      <line num="23" count="27" type="stmt"/>
      <line num="28" count="14" type="stmt"/>
      <line num="29" count="14" type="stmt"/>
      <line num="30" count="14" type="stmt"/>
      <line num="33" count="14" type="stmt"/>
      <line num="34" count="14" type="stmt"/>
      <line num="35" count="14" type="stmt"/>
      <line num="36" count="14" type="stmt"/>
      <line num="38" count="14" type="stmt"/>
      <line num="39" count="56" type="stmt"/>
      <line num="40" count="56" type="cond" truecount="2" falsecount="0"/>
      <line num="41" count="56" type="cond" truecount="2" falsecount="0"/>
      <line num="42" count="56" type="cond" truecount="2" falsecount="0"/>
      <line num="43" count="56" type="cond" truecount="2" falsecount="0"/>
      <line num="47" count="14" type="stmt"/>
      <line num="48" count="14" type="stmt"/>
      <line num="49" count="14" type="stmt"/>
      <line num="50" count="14" type="stmt"/>
      <line num="52" count="14" type="stmt"/>
      <line num="53" count="56" type="stmt"/>
      <line num="54" count="56" type="stmt"/>
      <line num="55" count="56" type="stmt"/>
      <line num="56" count="56" type="stmt"/>
      <line num="59" count="56" type="cond" truecount="2" falsecount="0"/>
      <line num="60" count="8" type="stmt"/>
      <line num="61" count="8" type="stmt"/>
      <line num="63" count="48" type="stmt"/>
      <line num="67" count="56" type="cond" truecount="2" falsecount="0"/>
      <line num="68" count="8" type="stmt"/>
      <line num="69" count="8" type="stmt"/>
      <line num="71" count="48" type="stmt"/>
      <line num="75" count="56" type="cond" truecount="2" falsecount="0"/>
      <line num="76" count="8" type="stmt"/>
      <line num="77" count="8" type="stmt"/>
      <line num="79" count="48" type="stmt"/>
      <line num="83" count="56" type="cond" truecount="2" falsecount="0"/>
      <line num="84" count="20" type="stmt"/>
      <line num="85" count="20" type="stmt"/>
      <line num="87" count="36" type="stmt"/>
      <line num="92" count="14" type="stmt"/>
      <line num="93" count="56" type="stmt"/>
      <line num="94" count="56" type="stmt"/>
      <line num="97" count="56" type="cond" truecount="1" falsecount="0"/>
      <line num="98" count="48" type="cond" truecount="0" falsecount="1"/>
      <line num="99" count="0" type="stmt"/>
      <line num="100" count="0" type="stmt"/>
      <line num="105" count="56" type="cond" truecount="1" falsecount="0"/>
      <line num="106" count="48" type="cond" truecount="0" falsecount="1"/>
      <line num="107" count="0" type="stmt"/>
      <line num="108" count="0" type="stmt"/>
      <line num="113" count="56" type="cond" truecount="1" falsecount="0"/>
      <line num="114" count="48" type="cond" truecount="0" falsecount="1"/>
      <line num="115" count="0" type="stmt"/>
      <line num="116" count="0" type="stmt"/>
      <line num="121" count="56" type="cond" truecount="1" falsecount="0"/>
      <line num="122" count="36" type="cond" truecount="0" falsecount="1"/>
      <line num="123" count="0" type="stmt"/>
      <line num="124" count="0" type="stmt"/>
      <line num="130" count="14" type="stmt"/>
      <line num="131" count="56" type="stmt"/>
      <line num="141" count="14" type="stmt"/>
      <line num="144" count="1" type="stmt"/>
      <line num="145" count="94" type="stmt"/>
      <line num="146" count="94" type="stmt"/>
      <line num="147" count="94" type="stmt"/>
      <line num="148" count="94" type="stmt"/>
      <line num="149" count="94" type="stmt"/>
      <line num="150" count="94" type="stmt"/>
      <line num="153" count="94" type="stmt"/>
      <line num="154" count="12" type="stmt"/>
      <line num="157" count="94" type="stmt"/>
      <line num="158" count="12" type="stmt"/>
      <line num="159" count="12" type="stmt"/>
      <line num="161" count="12" type="stmt"/>
      <line num="162" count="12" type="stmt"/>
      <line num="163" count="12" type="stmt"/>
      <line num="164" count="12" type="stmt"/>
      <line num="165" count="12" type="stmt"/>
      <line num="169" count="94" type="stmt"/>
      <line num="171" count="1" type="stmt"/>
      <line num="172" count="1" type="stmt"/>
      <line num="173" count="1" type="stmt"/>
      <line num="174" count="1" type="stmt"/>
      <line num="175" count="1" type="stmt"/>
      <line num="179" count="94" type="stmt"/>
      <line num="180" count="1" type="stmt"/>
      <line num="181" count="1" type="stmt"/>
      <line num="183" count="1" type="stmt"/>
      <line num="184" count="1" type="stmt"/>
      <line num="185" count="1" type="stmt"/>
      <line num="186" count="1" type="stmt"/>
      <line num="187" count="1" type="stmt"/>
      <line num="191" count="94" type="stmt"/>
      <line num="192" count="10" type="cond" truecount="1" falsecount="0"/>
      <line num="193" count="9" type="stmt"/>
      <line num="194" count="9" type="cond" truecount="1" falsecount="0"/>
      <line num="195" count="8" type="stmt"/>
      <line num="197" count="1" type="stmt"/>
      <line num="202" count="94" type="stmt"/>
      <line num="203" count="3" type="cond" truecount="1" falsecount="0"/>
      <line num="204" count="2" type="stmt"/>
      <line num="208" count="94" type="stmt"/>
      <line num="209" count="17" type="cond" truecount="1" falsecount="0"/>
      <line num="210" count="16" type="cond" truecount="1" falsecount="0"/>
      <line num="211" count="1" type="stmt"/>
      <line num="212" count="1" type="stmt"/>
      <line num="213" count="1" type="stmt"/>
      <line num="214" count="1" type="stmt"/>
      <line num="217" count="15" type="cond" truecount="1" falsecount="0"/>
      <line num="218" count="1" type="stmt"/>
      <line num="219" count="1" type="stmt"/>
      <line num="220" count="1" type="stmt"/>
      <line num="221" count="1" type="stmt"/>
      <line num="224" count="14" type="stmt"/>
      <line num="226" count="14" type="stmt"/>
      <line num="227" count="14" type="stmt"/>
      <line num="228" count="14" type="stmt"/>
      <line num="230" count="14" type="cond" truecount="1" falsecount="0"/>
      <line num="231" count="13" type="stmt"/>
      <line num="233" count="14" type="stmt"/>
      <line num="237" count="20" type="stmt"/>
      <line num="239" count="14" type="cond" truecount="2" falsecount="0"/>
      <line num="240" count="2" type="stmt"/>
      <line num="241" count="2" type="stmt"/>
      <line num="242" count="12" type="cond" truecount="2" falsecount="0"/>
      <line num="243" count="1" type="stmt"/>
      <line num="244" count="1" type="stmt"/>
      <line num="246" count="11" type="stmt"/>
      <line num="252" count="94" type="stmt"/>
    </file>
  </project>
</coverage>
