<?xml version="1.0" encoding="UTF-8"?>
<coverage generated="1775230649258" clover="3.2.0">
  <project timestamp="1775230649258" name="All files">
    <metrics statements="458" coveredstatements="365" conditionals="199" coveredconditionals="140" methods="86" coveredmethods="64" elements="743" coveredelements="569" complexity="0" loc="458" ncloc="458" packages="1" files="6" classes="6"/>
    <file name="App.tsx" path="D:\Qoder\Demo-pg\handle\handle-wordle\src\App.tsx">
      <metrics statements="202" coveredstatements="136" conditionals="94" coveredconditionals="59" methods="51" coveredmethods="33"/>
      <line num="1" count="4" type="stmt"/>
      <line num="2" count="4" type="stmt"/>
      <line num="3" count="4" type="stmt"/>
      <line num="4" count="4" type="stmt"/>
      <line num="5" count="4" type="stmt"/>
      <line num="7" count="4" type="stmt"/>
      <line num="8" count="4" type="stmt"/>
      <line num="22" count="72" type="stmt"/>
      <line num="24" count="72" type="stmt"/>
      <line num="25" count="72" type="stmt"/>
      <line num="26" count="72" type="stmt"/>
      <line num="27" count="72" type="stmt"/>
      <line num="28" count="72" type="stmt"/>
      <line num="29" count="72" type="stmt"/>
      <line num="30" count="72" type="stmt"/>
      <line num="32" count="72" type="stmt"/>
      <line num="33" count="0" type="stmt"/>
      <line num="34" count="0" type="stmt"/>
      <line num="35" count="0" type="stmt"/>
      <line num="36" count="0" type="stmt"/>
      <line num="37" count="0" type="stmt"/>
      <line num="38" count="0" type="stmt"/>
      <line num="42" count="72" type="stmt"/>
      <line num="44" count="9" type="stmt"/>
      <line num="48" count="72" type="stmt"/>
      <line num="50" count="9" type="cond" truecount="1" falsecount="0"/>
      <line num="51" count="4" type="stmt"/>
      <line num="58" count="5" type="cond" truecount="1" falsecount="0"/>
      <line num="59" count="2" type="stmt"/>
      <line num="66" count="3" type="cond" truecount="1" falsecount="0"/>
      <line num="67" count="2" type="stmt"/>
      <line num="74" count="1" type="cond" truecount="1" falsecount="0"/>
      <line num="75" count="1" type="stmt"/>
      <line num="81" count="0" type="stmt"/>
      <line num="85" count="72" type="stmt"/>
      <line num="86" count="12" type="stmt"/>
      <line num="90" count="72" type="stmt"/>
      <line num="91" count="12" type="stmt"/>
      <line num="92" count="12" type="stmt"/>
      <line num="95" count="12" type="cond" truecount="0" falsecount="1"/>
      <line num="98" count="12" type="cond" truecount="0" falsecount="1"/>
      <line num="99" count="0" type="stmt"/>
      <line num="103" count="12" type="stmt"/>
      <line num="104" count="9" type="stmt"/>
      <line num="105" count="9" type="cond" truecount="1" falsecount="0"/>
      <line num="106" count="9" type="stmt"/>
      <line num="110" count="12" type="stmt"/>
      <line num="114" count="72" type="stmt"/>
      <line num="115" count="40" type="stmt"/>
      <line num="116" count="40" type="cond" truecount="1" falsecount="0"/>
      <line num="117" count="12" type="stmt"/>
      <line num="123" count="72" type="stmt"/>
      <line num="125" count="0" type="stmt"/>
      <line num="126" count="0" type="stmt"/>
      <line num="127" count="0" type="stmt"/>
      <line num="128" count="0" type="stmt"/>
      <line num="129" count="0" type="stmt"/>
      <line num="132" count="0" type="stmt"/>
      <line num="133" count="0" type="stmt"/>
      <line num="138" count="72" type="stmt"/>
      <line num="139" count="0" type="stmt"/>
      <line num="140" count="0" type="stmt"/>
      <line num="141" count="0" type="cond" truecount="0" falsecount="2"/>
      <line num="143" count="0" type="stmt"/>
      <line num="144" count="0" type="cond" truecount="0" falsecount="2"/>
      <line num="146" count="0" type="stmt"/>
      <line num="149" count="0" type="stmt"/>
      <line num="151" count="0" type="stmt"/>
      <line num="152" count="0" type="stmt"/>
      <line num="154" count="0" type="stmt"/>
      <line num="159" count="72" type="stmt"/>
      <line num="160" count="3" type="cond" truecount="1" falsecount="0"/>
      <line num="161" count="3" type="cond" truecount="1" falsecount="0"/>
      <line num="163" count="3" type="stmt"/>
      <line num="164" count="3" type="stmt"/>
      <line num="167" count="0" type="cond" truecount="0" falsecount="2"/>
      <line num="169" count="0" type="stmt"/>
      <line num="170" count="0" type="stmt"/>
      <line num="171" count="0" type="stmt"/>
      <line num="174" count="0" type="stmt"/>
      <line num="177" count="0" type="stmt"/>
      <line num="178" count="0" type="stmt"/>
      <line num="179" count="0" type="stmt"/>
      <line num="183" count="0" type="stmt"/>
      <line num="189" count="72" type="stmt"/>
      <line num="190" count="28" type="cond" truecount="2" falsecount="1"/>
      <line num="193" count="0" type="cond" truecount="0" falsecount="2"/>
      <line num="195" count="0" type="stmt"/>
      <line num="197" count="0" type="stmt"/>
      <line num="198" count="0" type="stmt"/>
      <line num="199" count="0" type="stmt"/>
      <line num="202" count="0" type="stmt"/>
      <line num="203" count="0" type="stmt"/>
      <line num="207" count="0" type="stmt"/>
      <line num="209" count="0" type="stmt"/>
      <line num="210" count="0" type="stmt"/>
      <line num="211" count="0" type="stmt"/>
      <line num="214" count="0" type="stmt"/>
      <line num="215" count="0" type="stmt"/>
      <line num="220" count="0" type="stmt"/>
      <line num="221" count="0" type="cond" truecount="0" falsecount="1"/>
      <line num="222" count="0" type="stmt"/>
      <line num="228" count="72" type="stmt"/>
      <line num="229" count="72" type="stmt"/>
      <line num="230" count="72" type="stmt"/>
      <line num="231" count="72" type="stmt"/>
      <line num="232" count="72" type="stmt"/>
      <line num="233" count="72" type="stmt"/>
      <line num="235" count="72" type="stmt"/>
      <line num="237" count="188" type="stmt"/>
      <line num="238" count="184" type="stmt"/>
      <line num="239" count="184" type="stmt"/>
      <line num="240" count="724" type="cond" truecount="5" falsecount="0"/>
      <line num="241" count="2" type="stmt"/>
      <line num="242" count="722" type="cond" truecount="4" falsecount="0"/>
      <line num="243" count="2" type="stmt"/>
      <line num="249" count="184" type="stmt"/>
      <line num="250" count="180" type="stmt"/>
      <line num="251" count="180" type="stmt"/>
      <line num="252" count="716" type="cond" truecount="5" falsecount="0"/>
      <line num="253" count="2" type="stmt"/>
      <line num="254" count="714" type="cond" truecount="2" falsecount="2"/>
      <line num="255" count="0" type="stmt"/>
      <line num="260" count="182" type="stmt"/>
      <line num="263" count="72" type="stmt"/>
      <line num="264" count="5" type="stmt"/>
      <line num="265" count="5" type="stmt"/>
      <line num="266" count="5" type="stmt"/>
      <line num="267" count="5" type="stmt"/>
      <line num="268" count="5" type="stmt"/>
      <line num="269" count="5" type="stmt"/>
      <line num="270" count="5" type="stmt"/>
      <line num="273" count="72" type="stmt"/>
      <line num="274" count="5" type="cond" truecount="0" falsecount="1"/>
      <line num="275" count="5" type="stmt"/>
      <line num="276" count="5" type="stmt"/>
      <line num="277" count="5" type="stmt"/>
      <line num="278" count="5" type="stmt"/>
      <line num="279" count="5" type="stmt"/>
      <line num="280" count="12" type="stmt"/>
      <line num="281" count="12" type="cond" truecount="1" falsecount="0"/>
      <line num="282" count="5" type="stmt"/>
      <line num="283" count="5" type="stmt"/>
      <line num="284" count="5" type="stmt"/>
      <line num="287" count="5" type="cond" truecount="0" falsecount="1"/>
      <line num="288" count="5" type="stmt"/>
      <line num="289" count="5" type="cond" truecount="2" falsecount="6"/>
      <line num="290" count="0" type="stmt"/>
      <line num="291" count="3" type="stmt"/>
      <line num="292" count="2" type="stmt"/>
      <line num="293" count="0" type="stmt"/>
      <line num="294" count="0" type="stmt"/>
      <line num="296" count="0" type="stmt"/>
      <line num="297" count="0" type="stmt"/>
      <line num="299" count="5" type="stmt"/>
      <line num="300" count="5" type="stmt"/>
      <line num="303" count="72" type="stmt"/>
      <line num="310" count="4" type="stmt"/>
      <line num="317" count="5" type="cond" truecount="1" falsecount="0"/>
      <line num="318" count="5" type="stmt"/>
      <line num="319" count="5" type="stmt"/>
      <line num="320" count="5" type="stmt"/>
      <line num="322" count="5" type="stmt"/>
      <line num="329" count="4" type="stmt"/>
      <line num="351" count="0" type="stmt"/>
      <line num="353" count="0" type="stmt"/>
      <line num="355" count="0" type="stmt"/>
      <line num="356" count="0" type="cond" truecount="0" falsecount="1"/>
      <line num="357" count="0" type="stmt"/>
      <line num="361" count="3" type="cond" truecount="1" falsecount="0"/>
      <line num="362" count="3" type="stmt"/>
      <line num="363" count="3" type="stmt"/>
      <line num="411" count="58" type="stmt"/>
      <line num="416" count="232" type="stmt"/>
      <line num="432" count="0" type="stmt"/>
      <line num="485" count="0" type="stmt"/>
      <line num="489" count="2" type="stmt"/>
      <line num="495" count="2" type="stmt"/>
      <line num="509" count="16" type="stmt"/>
      <line num="521" count="16" type="cond" truecount="2" falsecount="0"/>
      <line num="533" count="16" type="stmt"/>
      <line num="547" count="16" type="stmt"/>
      <line num="565" count="0" type="stmt"/>
      <line num="569" count="3" type="stmt"/>
      <line num="575" count="2" type="stmt"/>
      <line num="595" count="1" type="stmt"/>
      <line num="608" count="0" type="stmt"/>
      <line num="612" count="2" type="stmt"/>
      <line num="618" count="2" type="stmt"/>
      <line num="629" count="92" type="stmt"/>
      <line num="630" count="92" type="stmt"/>
      <line num="631" count="92" type="cond" truecount="1" falsecount="0"/>
      <line num="632" count="92" type="cond" truecount="1" falsecount="0"/>
      <line num="633" count="92" type="stmt"/>
      <line num="649" count="96" type="stmt"/>
      <line num="650" count="96" type="stmt"/>
      <line num="651" count="96" type="cond" truecount="1" falsecount="0"/>
      <line num="652" count="96" type="cond" truecount="0" falsecount="1"/>
      <line num="653" count="96" type="stmt"/>
      <line num="674" count="16" type="stmt"/>
      <line num="691" count="0" type="stmt"/>
      <line num="699" count="4" type="stmt"/>
    </file>
    <file name="Cell.tsx" path="D:\Qoder\Demo-pg\handle\handle-wordle\src\Cell.tsx">
      <metrics statements="63" coveredstatements="51" conditionals="40" coveredconditionals="29" methods="5" coveredmethods="5"/>
      <line num="9" count="5" type="cond" truecount="2" falsecount="0"/>
      <line num="10" count="288" type="stmt"/>
      <line num="13" count="288" type="stmt"/>
      <line num="14" count="288" type="cond" truecount="4" falsecount="0"/>
      <line num="16" count="74" type="stmt"/>
      <line num="18" count="32" type="stmt"/>
      <line num="20" count="65" type="stmt"/>
      <line num="22" count="117" type="stmt"/>
      <line num="27" count="288" type="stmt"/>
      <line num="28" count="288" type="cond" truecount="4" falsecount="0"/>
      <line num="29" count="171" type="stmt"/>
      <line num="31" count="117" type="stmt"/>
      <line num="35" count="288" type="stmt"/>
      <line num="37" count="342" type="cond" truecount="1" falsecount="0"/>
      <line num="38" count="148" type="stmt"/>
      <line num="41" count="194" type="cond" truecount="1" falsecount="0"/>
      <line num="42" count="64" type="stmt"/>
      <line num="45" count="130" type="cond" truecount="1" falsecount="0"/>
      <line num="46" count="130" type="cond" truecount="3" falsecount="1"/>
      <line num="48" count="4" type="stmt"/>
      <line num="50" count="2" type="stmt"/>
      <line num="52" count="124" type="stmt"/>
      <line num="54" count="0" type="stmt"/>
      <line num="58" count="0" type="cond" truecount="0" falsecount="4"/>
      <line num="60" count="0" type="stmt"/>
      <line num="62" count="0" type="stmt"/>
      <line num="64" count="0" type="stmt"/>
      <line num="66" count="0" type="stmt"/>
      <line num="71" count="288" type="stmt"/>
      <line num="72" count="288" type="cond" truecount="1" falsecount="0"/>
      <line num="73" count="117" type="stmt"/>
      <line num="76" count="171" type="stmt"/>
      <line num="77" count="171" type="stmt"/>
      <line num="80" count="171" type="stmt"/>
      <line num="81" count="171" type="stmt"/>
      <line num="84" count="171" type="stmt"/>
      <line num="85" count="354" type="stmt"/>
      <line num="86" count="354" type="cond" truecount="1" falsecount="0"/>
      <line num="87" count="171" type="stmt"/>
      <line num="88" count="171" type="stmt"/>
      <line num="89" count="171" type="stmt"/>
      <line num="93" count="171" type="cond" truecount="0" falsecount="1"/>
      <line num="94" count="0" type="stmt"/>
      <line num="98" count="171" type="stmt"/>
      <line num="99" count="171" type="cond" truecount="4" falsecount="4"/>
      <line num="101" count="51" type="stmt"/>
      <line num="102" count="51" type="stmt"/>
      <line num="104" count="58" type="stmt"/>
      <line num="105" count="58" type="stmt"/>
      <line num="107" count="61" type="stmt"/>
      <line num="108" count="61" type="stmt"/>
      <line num="110" count="1" type="stmt"/>
      <line num="111" count="1" type="stmt"/>
      <line num="113" count="0" type="stmt"/>
      <line num="114" count="0" type="stmt"/>
      <line num="117" count="0" type="stmt"/>
      <line num="118" count="0" type="stmt"/>
      <line num="120" count="0" type="stmt"/>
      <line num="123" count="171" type="stmt"/>
      <line num="124" count="171" type="stmt"/>
      <line num="128" count="288" type="stmt"/>
      <line num="129" count="288" type="stmt"/>
      <line num="131" count="288" type="stmt"/>
    </file>
    <file name="Toast.tsx" path="D:\Qoder\Demo-pg\handle\handle-wordle\src\Toast.tsx">
      <metrics statements="17" coveredstatements="12" conditionals="7" coveredconditionals="4" methods="6" coveredmethods="4"/>
      <line num="1" count="4" type="stmt"/>
      <line num="10" count="4" type="cond" truecount="1" falsecount="0"/>
      <line num="11" count="12" type="stmt"/>
      <line num="13" count="12" type="stmt"/>
      <line num="14" count="12" type="stmt"/>
      <line num="15" count="0" type="stmt"/>
      <line num="16" count="0" type="stmt"/>
      <line num="19" count="12" type="stmt"/>
      <line num="22" count="12" type="stmt"/>
      <line num="23" count="12" type="cond" truecount="1" falsecount="1"/>
      <line num="24" count="12" type="stmt"/>
      <line num="31" count="0" type="stmt"/>
      <line num="40" count="12" type="stmt"/>
      <line num="42" count="12" type="stmt"/>
      <line num="65" count="0" type="stmt"/>
      <line num="66" count="0" type="stmt"/>
      <line num="78" count="4" type="stmt"/>
    </file>
    <file name="pinyin.ts" path="D:\Qoder\Demo-pg\handle\handle-wordle\src\pinyin.ts">
      <metrics statements="30" coveredstatements="28" conditionals="22" coveredconditionals="16" methods="3" coveredmethods="3"/>
      <line num="1" count="1" type="stmt"/>
      <line num="5" count="1" type="stmt"/>
      <line num="7" count="4" type="cond" truecount="1" falsecount="0"/>
      <line num="8" count="1" type="stmt"/>
      <line num="15" count="3" type="stmt"/>
      <line num="20" count="3" type="cond" truecount="3" falsecount="1"/>
      <line num="21" count="0" type="stmt"/>
      <line num="28" count="3" type="stmt"/>
      <line num="31" count="3" type="stmt"/>
      <line num="32" count="3" type="cond" truecount="1" falsecount="1"/>
      <line num="33" count="3" type="cond" truecount="1" falsecount="1"/>
      <line num="36" count="3" type="stmt"/>
      <line num="43" count="3" type="stmt"/>
      <line num="44" count="3" type="stmt"/>
      <line num="46" count="3" type="stmt"/>
      <line num="47" count="58" type="cond" truecount="1" falsecount="0"/>
      <line num="48" count="2" type="stmt"/>
      <line num="49" count="2" type="stmt"/>
      <line num="50" count="2" type="stmt"/>
      <line num="54" count="3" type="stmt"/>
      <line num="62" count="1" type="stmt"/>
      <line num="64" count="2" type="cond" truecount="1" falsecount="0"/>
      <line num="65" count="1" type="stmt"/>
      <line num="68" count="1" type="stmt"/>
      <line num="72" count="1" type="cond" truecount="4" falsecount="1"/>
      <line num="76" count="1" type="stmt"/>
      <line num="78" count="2" type="cond" truecount="0" falsecount="1"/>
      <line num="79" count="0" type="stmt"/>
      <line num="82" count="2" type="stmt"/>
      <line num="86" count="2" type="cond" truecount="4" falsecount="1"/>
    </file>
    <file name="useGame.ts" path="D:\Qoder\Demo-pg\handle\handle-wordle\src\useGame.ts">
      <metrics statements="135" coveredstatements="127" conditionals="35" coveredconditionals="31" methods="18" coveredmethods="16"/>
      <line num="1" count="1" type="stmt"/>
      <line num="3" count="1" type="stmt"/>
      <line num="4" count="1" type="stmt"/>
      <line num="6" count="1" type="stmt"/>
      <line num="7" count="1" type="stmt"/>
      <line num="11" count="272" type="stmt"/>
      <line num="23" count="68" type="stmt"/>
      <line num="28" count="44" type="stmt"/>
      <line num="29" count="44" type="stmt"/>
      <line num="30" count="44" type="stmt"/>
      <line num="33" count="44" type="stmt"/>
      <line num="34" count="44" type="stmt"/>
      <line num="35" count="44" type="stmt"/>
      <line num="36" count="44" type="stmt"/>
      <line num="38" count="44" type="stmt"/>
      <line num="39" count="176" type="stmt"/>
      <line num="40" count="176" type="cond" truecount="2" falsecount="0"/>
      <line num="41" count="176" type="cond" truecount="2" falsecount="0"/>
      <line num="42" count="176" type="cond" truecount="2" falsecount="0"/>
      <line num="43" count="176" type="cond" truecount="2" falsecount="0"/>
      <line num="47" count="44" type="stmt"/>
      <line num="48" count="44" type="stmt"/>
      <line num="49" count="44" type="stmt"/>
      <line num="50" count="44" type="stmt"/>
      <line num="52" count="44" type="stmt"/>
      <line num="53" count="176" type="stmt"/>
      <line num="54" count="176" type="stmt"/>
      <line num="55" count="176" type="stmt"/>
      <line num="56" count="176" type="stmt"/>
      <line num="59" count="176" type="cond" truecount="2" falsecount="0"/>
      <line num="60" count="8" type="stmt"/>
      <line num="61" count="8" type="stmt"/>
      <line num="63" count="168" type="stmt"/>
      <line num="67" count="176" type="cond" truecount="2" falsecount="0"/>
      <line num="68" count="8" type="stmt"/>
      <line num="69" count="8" type="stmt"/>
      <line num="71" count="168" type="stmt"/>
      <line num="75" count="176" type="cond" truecount="2" falsecount="0"/>
      <line num="76" count="8" type="stmt"/>
      <line num="77" count="8" type="stmt"/>
      <line num="79" count="168" type="stmt"/>
      <line num="83" count="176" type="cond" truecount="2" falsecount="0"/>
      <line num="84" count="50" type="stmt"/>
      <line num="85" count="50" type="stmt"/>
      <line num="87" count="126" type="stmt"/>
      <line num="92" count="44" type="stmt"/>
      <line num="93" count="176" type="stmt"/>
      <line num="94" count="176" type="stmt"/>
      <line num="97" count="176" type="cond" truecount="1" falsecount="0"/>
      <line num="98" count="168" type="cond" truecount="0" falsecount="1"/>
      <line num="99" count="0" type="stmt"/>
      <line num="100" count="0" type="stmt"/>
      <line num="105" count="176" type="cond" truecount="1" falsecount="0"/>
      <line num="106" count="168" type="cond" truecount="0" falsecount="1"/>
      <line num="107" count="0" type="stmt"/>
      <line num="108" count="0" type="stmt"/>
      <line num="113" count="176" type="cond" truecount="1" falsecount="0"/>
      <line num="114" count="168" type="cond" truecount="0" falsecount="1"/>
      <line num="115" count="0" type="stmt"/>
      <line num="116" count="0" type="stmt"/>
      <line num="121" count="176" type="cond" truecount="1" falsecount="0"/>
      <line num="122" count="126" type="cond" truecount="0" falsecount="1"/>
      <line num="123" count="0" type="stmt"/>
      <line num="124" count="0" type="stmt"/>
      <line num="130" count="44" type="stmt"/>
      <line num="131" count="176" type="stmt"/>
      <line num="141" count="44" type="stmt"/>
      <line num="144" count="1" type="stmt"/>
      <line num="145" count="249" type="stmt"/>
      <line num="146" count="249" type="stmt"/>
      <line num="147" count="249" type="stmt"/>
      <line num="148" count="249" type="stmt"/>
      <line num="149" count="249" type="stmt"/>
      <line num="150" count="249" type="stmt"/>
      <line num="153" count="249" type="stmt"/>
      <line num="154" count="25" type="stmt"/>
      <line num="157" count="249" type="stmt"/>
      <line num="158" count="25" type="stmt"/>
      <line num="159" count="25" type="stmt"/>
      <line num="161" count="25" type="stmt"/>
      <line num="162" count="25" type="stmt"/>
      <line num="163" count="25" type="stmt"/>
      <line num="164" count="25" type="stmt"/>
      <line num="165" count="25" type="stmt"/>
      <line num="169" count="249" type="stmt"/>
      <line num="171" count="1" type="stmt"/>
      <line num="172" count="1" type="stmt"/>
      <line num="173" count="1" type="stmt"/>
      <line num="174" count="1" type="stmt"/>
      <line num="175" count="1" type="stmt"/>
      <line num="179" count="249" type="stmt"/>
      <line num="180" count="1" type="stmt"/>
      <line num="181" count="1" type="stmt"/>
      <line num="183" count="1" type="stmt"/>
      <line num="184" count="1" type="stmt"/>
      <line num="185" count="1" type="stmt"/>
      <line num="186" count="1" type="stmt"/>
      <line num="187" count="1" type="stmt"/>
      <line num="191" count="249" type="stmt"/>
      <line num="192" count="115" type="cond" truecount="1" falsecount="0"/>
      <line num="193" count="113" type="stmt"/>
      <line num="194" count="113" type="cond" truecount="1" falsecount="0"/>
      <line num="195" count="112" type="stmt"/>
      <line num="197" count="1" type="stmt"/>
      <line num="202" count="249" type="stmt"/>
      <line num="203" count="109" type="cond" truecount="1" falsecount="0"/>
      <line num="204" count="108" type="stmt"/>
      <line num="208" count="249" type="stmt"/>
      <line num="209" count="51" type="cond" truecount="1" falsecount="0"/>
      <line num="210" count="50" type="cond" truecount="1" falsecount="0"/>
      <line num="211" count="5" type="stmt"/>
      <line num="212" count="5" type="stmt"/>
      <line num="213" count="5" type="stmt"/>
      <line num="214" count="5" type="stmt"/>
      <line num="217" count="45" type="cond" truecount="1" falsecount="0"/>
      <line num="218" count="1" type="stmt"/>
      <line num="219" count="1" type="stmt"/>
      <line num="220" count="1" type="stmt"/>
      <line num="221" count="1" type="stmt"/>
      <line num="224" count="44" type="stmt"/>
      <line num="226" count="44" type="stmt"/>
      <line num="227" count="44" type="stmt"/>
      <line num="228" count="44" type="stmt"/>
      <line num="230" count="44" type="cond" truecount="1" falsecount="0"/>
      <line num="231" count="41" type="stmt"/>
      <line num="233" count="44" type="stmt"/>
      <line num="237" count="50" type="stmt"/>
      <line num="239" count="44" type="cond" truecount="2" falsecount="0"/>
      <line num="240" count="2" type="stmt"/>
      <line num="241" count="2" type="stmt"/>
      <line num="242" count="42" type="cond" truecount="2" falsecount="0"/>
      <line num="243" count="3" type="stmt"/>
      <line num="244" count="3" type="stmt"/>
      <line num="246" count="39" type="stmt"/>
      <line num="252" count="249" type="stmt"/>
    </file>
    <file name="words.ts" path="D:\Qoder\Demo-pg\handle\handle-wordle\src\words.ts">
      <metrics statements="11" coveredstatements="11" conditionals="1" coveredconditionals="1" methods="3" coveredmethods="3"/>
      <line num="2" count="1" type="stmt"/>
      <line num="646" count="1" type="stmt"/>
      <line num="647" count="1" type="stmt"/>
      <line num="648" count="1" type="stmt"/>
      <line num="649" count="1" type="stmt"/>
      <line num="650" count="1" type="stmt"/>
      <line num="654" count="1" type="stmt"/>
      <line num="655" count="1" type="stmt"/>
      <line num="659" count="1" type="stmt"/>
      <line num="660" count="6" type="cond" truecount="1" falsecount="0"/>
      <line num="662" count="3" type="stmt"/>
    </file>
  </project>
</coverage>
