{"D:\\Qoder\\Demo-pg\\handle\\handle-wordle\\src\\App.tsx": {"path":"D:\\Qoder\\Demo-pg\\handle\\handle-wordle\\src\\App.tsx","statementMap":{"0":{"start":{"line":1,"column":0},"end":{"line":1,"column":44}},"1":{"start":{"line":2,"column":0},"end":{"line":2,"column":36}},"2":{"start":{"line":3,"column":0},"end":{"line":3,"column":30}},"3":{"start":{"line":4,"column":0},"end":{"line":4,"column":37}},"4":{"start":{"line":5,"column":0},"end":{"line":5,"column":28}},"5":{"start":{"line":7,"column":20},"end":{"line":7,"column":21}},"6":{"start":{"line":8,"column":21},"end":{"line":8,"column":23}},"7":{"start":{"line":22,"column":6},"end":{"line":22,"column":15}},"8":{"start":{"line":24,"column":42},"end":{"line":24,"column":57}},"9":{"start":{"line":25,"column":50},"end":{"line":25,"column":65}},"10":{"start":{"line":26,"column":54},"end":{"line":26,"column":69}},"11":{"start":{"line":27,"column":52},"end":{"line":27,"column":81}},"12":{"start":{"line":28,"column":28},"end":{"line":28,"column":97}},"13":{"start":{"line":29,"column":44},"end":{"line":29,"column":81}},"14":{"start":{"line":30,"column":50},"end":{"line":30,"column":65}},"15":{"start":{"line":32,"column":21},"end":{"line":39,"column":3}},"16":{"start":{"line":33,"column":4},"end":{"line":33,"column":21}},"17":{"start":{"line":34,"column":4},"end":{"line":34,"column":25}},"18":{"start":{"line":35,"column":4},"end":{"line":35,"column":28}},"19":{"start":{"line":36,"column":4},"end":{"line":36,"column":27}},"20":{"start":{"line":37,"column":4},"end":{"line":37,"column":31}},"21":{"start":{"line":38,"column":4},"end":{"line":38,"column":33}},"22":{"start":{"line":42,"column":24},"end":{"line":45,"column":3}},"23":{"start":{"line":44,"column":4},"end":{"line":44,"column":33}},"24":{"start":{"line":48,"column":24},"end":{"line":82,"column":3}},"25":{"start":{"line":50,"column":4},"end":{"line":55,"column":5}},"26":{"start":{"line":51,"column":6},"end":{"line":54,"column":8}},"27":{"start":{"line":58,"column":4},"end":{"line":63,"column":5}},"28":{"start":{"line":59,"column":6},"end":{"line":62,"column":8}},"29":{"start":{"line":66,"column":4},"end":{"line":71,"column":5}},"30":{"start":{"line":67,"column":6},"end":{"line":70,"column":8}},"31":{"start":{"line":74,"column":4},"end":{"line":79,"column":5}},"32":{"start":{"line":75,"column":6},"end":{"line":78,"column":8}},"33":{"start":{"line":81,"column":4},"end":{"line":81,"column":29}},"34":{"start":{"line":85,"column":20},"end":{"line":87,"column":3}},"35":{"start":{"line":86,"column":4},"end":{"line":86,"column":32}},"36":{"start":{"line":90,"column":28},"end":{"line":111,"column":3}},"37":{"start":{"line":91,"column":18},"end":{"line":91,"column":32}},"38":{"start":{"line":92,"column":4},"end":{"line":92,"column":27}},"39":{"start":{"line":95,"column":4},"end":{"line":95,"column":33}},"40":{"start":{"line":95,"column":26},"end":{"line":95,"column":33}},"41":{"start":{"line":98,"column":4},"end":{"line":100,"column":5}},"42":{"start":{"line":99,"column":6},"end":{"line":99,"column":34}},"43":{"start":{"line":103,"column":18},"end":{"line":108,"column":11}},"44":{"start":{"line":104,"column":25},"end":{"line":104,"column":45}},"45":{"start":{"line":105,"column":6},"end":{"line":107,"column":7}},"46":{"start":{"line":106,"column":8},"end":{"line":106,"column":53}},"47":{"start":{"line":110,"column":4},"end":{"line":110,"column":28}},"48":{"start":{"line":114,"column":2},"end":{"line":120,"column":22}},"49":{"start":{"line":115,"column":4},"end":{"line":119,"column":6}},"50":{"start":{"line":116,"column":6},"end":{"line":118,"column":7}},"51":{"start":{"line":117,"column":8},"end":{"line":117,"column":36}},"52":{"start":{"line":123,"column":26},"end":{"line":135,"column":3}},"53":{"start":{"line":125,"column":4},"end":{"line":125,"column":27}},"54":{"start":{"line":126,"column":4},"end":{"line":126,"column":31}},"55":{"start":{"line":127,"column":4},"end":{"line":127,"column":33}},"56":{"start":{"line":128,"column":4},"end":{"line":128,"column":25}},"57":{"start":{"line":129,"column":4},"end":{"line":129,"column":28}},"58":{"start":{"line":132,"column":4},"end":{"line":134,"column":11}},"59":{"start":{"line":133,"column":6},"end":{"line":133,"column":18}},"60":{"start":{"line":138,"column":20},"end":{"line":156,"column":3}},"61":{"start":{"line":139,"column":4},"end":{"line":155,"column":5}},"62":{"start":{"line":140,"column":20},"end":{"line":140,"column":31}},"63":{"start":{"line":141,"column":6},"end":{"line":150,"column":7}},"64":{"start":{"line":143,"column":8},"end":{"line":143,"column":91}},"65":{"start":{"line":144,"column":13},"end":{"line":150,"column":7}},"66":{"start":{"line":146,"column":8},"end":{"line":146,"column":97}},"67":{"start":{"line":149,"column":8},"end":{"line":149,"column":108}},"68":{"start":{"line":151,"column":6},"end":{"line":151,"column":25}},"69":{"start":{"line":152,"column":6},"end":{"line":152,"column":71}},"70":{"start":{"line":152,"column":32},"end":{"line":152,"column":69}},"71":{"start":{"line":154,"column":6},"end":{"line":154,"column":49}},"72":{"start":{"line":159,"column":28},"end":{"line":186,"column":3}},"73":{"start":{"line":160,"column":4},"end":{"line":185,"column":5}},"74":{"start":{"line":161,"column":6},"end":{"line":165,"column":7}},"75":{"start":{"line":163,"column":8},"end":{"line":163,"column":51}},"76":{"start":{"line":164,"column":8},"end":{"line":164,"column":15}},"77":{"start":{"line":167,"column":6},"end":{"line":184,"column":7}},"78":{"start":{"line":169,"column":8},"end":{"line":169,"column":36}},"79":{"start":{"line":170,"column":8},"end":{"line":170,"column":46}},"80":{"start":{"line":171,"column":8},"end":{"line":171,"column":27}},"81":{"start":{"line":174,"column":8},"end":{"line":174,"column":23}},"82":{"start":{"line":177,"column":8},"end":{"line":180,"column":16}},"83":{"start":{"line":178,"column":10},"end":{"line":178,"column":39}},"84":{"start":{"line":179,"column":10},"end":{"line":179,"column":37}},"85":{"start":{"line":183,"column":8},"end":{"line":183,"column":23}},"86":{"start":{"line":189,"column":2},"end":{"line":226,"column":18}},"87":{"start":{"line":190,"column":4},"end":{"line":225,"column":5}},"88":{"start":{"line":193,"column":6},"end":{"line":217,"column":7}},"89":{"start":{"line":195,"column":8},"end":{"line":195,"column":31}},"90":{"start":{"line":197,"column":8},"end":{"line":200,"column":16}},"91":{"start":{"line":198,"column":10},"end":{"line":198,"column":32}},"92":{"start":{"line":199,"column":10},"end":{"line":199,"column":27}},"93":{"start":{"line":202,"column":8},"end":{"line":204,"column":17}},"94":{"start":{"line":203,"column":10},"end":{"line":203,"column":33}},"95":{"start":{"line":207,"column":8},"end":{"line":207,"column":35}},"96":{"start":{"line":209,"column":8},"end":{"line":212,"column":16}},"97":{"start":{"line":210,"column":10},"end":{"line":210,"column":36}},"98":{"start":{"line":211,"column":10},"end":{"line":211,"column":28}},"99":{"start":{"line":214,"column":8},"end":{"line":216,"column":17}},"100":{"start":{"line":215,"column":10},"end":{"line":215,"column":37}},"101":{"start":{"line":220,"column":6},"end":{"line":224,"column":8}},"102":{"start":{"line":221,"column":8},"end":{"line":223,"column":9}},"103":{"start":{"line":222,"column":10},"end":{"line":222,"column":34}},"104":{"start":{"line":228,"column":44},"end":{"line":228,"column":59}},"105":{"start":{"line":229,"column":34},"end":{"line":229,"column":49}},"106":{"start":{"line":230,"column":46},"end":{"line":230,"column":61}},"107":{"start":{"line":231,"column":36},"end":{"line":231,"column":47}},"108":{"start":{"line":232,"column":40},"end":{"line":232,"column":95}},"109":{"start":{"line":233,"column":44},"end":{"line":233,"column":59}},"110":{"start":{"line":235,"column":25},"end":{"line":261,"column":3}},"111":{"start":{"line":237,"column":4},"end":{"line":246,"column":5}},"112":{"start":{"line":237,"column":17},"end":{"line":237,"column":18}},"113":{"start":{"line":238,"column":18},"end":{"line":238,"column":25}},"114":{"start":{"line":239,"column":6},"end":{"line":245,"column":7}},"115":{"start":{"line":240,"column":8},"end":{"line":244,"column":9}},"116":{"start":{"line":241,"column":10},"end":{"line":241,"column":27}},"117":{"start":{"line":242,"column":15},"end":{"line":244,"column":9}},"118":{"start":{"line":243,"column":10},"end":{"line":243,"column":27}},"119":{"start":{"line":249,"column":4},"end":{"line":258,"column":5}},"120":{"start":{"line":249,"column":17},"end":{"line":249,"column":32}},"121":{"start":{"line":250,"column":18},"end":{"line":250,"column":25}},"122":{"start":{"line":251,"column":6},"end":{"line":257,"column":7}},"123":{"start":{"line":252,"column":8},"end":{"line":256,"column":9}},"124":{"start":{"line":253,"column":10},"end":{"line":253,"column":27}},"125":{"start":{"line":254,"column":15},"end":{"line":256,"column":9}},"126":{"start":{"line":255,"column":10},"end":{"line":255,"column":27}},"127":{"start":{"line":260,"column":4},"end":{"line":260,"column":16}},"128":{"start":{"line":263,"column":23},"end":{"line":271,"column":3}},"129":{"start":{"line":264,"column":24},"end":{"line":264,"column":65}},"130":{"start":{"line":265,"column":21},"end":{"line":265,"column":40}},"131":{"start":{"line":266,"column":23},"end":{"line":266,"column":42}},"132":{"start":{"line":267,"column":27},"end":{"line":267,"column":93}},"133":{"start":{"line":268,"column":20},"end":{"line":268,"column":62}},"134":{"start":{"line":269,"column":4},"end":{"line":269,"column":28}},"135":{"start":{"line":270,"column":4},"end":{"line":270,"column":19}},"136":{"start":{"line":273,"column":22},"end":{"line":301,"column":3}},"137":{"start":{"line":274,"column":4},"end":{"line":274,"column":43}},"138":{"start":{"line":274,"column":20},"end":{"line":274,"column":43}},"139":{"start":{"line":275,"column":22},"end":{"line":275,"column":74}},"140":{"start":{"line":276,"column":19},"end":{"line":276,"column":28}},"141":{"start":{"line":277,"column":20},"end":{"line":277,"column":22}},"142":{"start":{"line":278,"column":21},"end":{"line":278,"column":23}},"143":{"start":{"line":279,"column":4},"end":{"line":286,"column":5}},"144":{"start":{"line":280,"column":20},"end":{"line":280,"column":54}},"145":{"start":{"line":281,"column":6},"end":{"line":285,"column":7}},"146":{"start":{"line":282,"column":8},"end":{"line":282,"column":33}},"147":{"start":{"line":283,"column":8},"end":{"line":283,"column":27}},"148":{"start":{"line":284,"column":8},"end":{"line":284,"column":14}},"149":{"start":{"line":287,"column":4},"end":{"line":287,"column":50}},"150":{"start":{"line":287,"column":27},"end":{"line":287,"column":50}},"151":{"start":{"line":288,"column":24},"end":{"line":288,"column":26}},"152":{"start":{"line":289,"column":4},"end":{"line":298,"column":5}},"153":{"start":{"line":290,"column":16},"end":{"line":290,"column":53}},"154":{"start":{"line":290,"column":54},"end":{"line":290,"column":60}},"155":{"start":{"line":291,"column":16},"end":{"line":291,"column":53}},"156":{"start":{"line":291,"column":54},"end":{"line":291,"column":60}},"157":{"start":{"line":292,"column":16},"end":{"line":292,"column":53}},"158":{"start":{"line":292,"column":54},"end":{"line":292,"column":60}},"159":{"start":{"line":293,"column":16},"end":{"line":293,"column":53}},"160":{"start":{"line":293,"column":54},"end":{"line":293,"column":60}},"161":{"start":{"line":294,"column":16},"end":{"line":294,"column":53}},"162":{"start":{"line":294,"column":54},"end":{"line":294,"column":60}},"163":{"start":{"line":296,"column":16},"end":{"line":296,"column":53}},"164":{"start":{"line":296,"column":54},"end":{"line":296,"column":60}},"165":{"start":{"line":297,"column":15},"end":{"line":297,"column":41}},"166":{"start":{"line":299,"column":21},"end":{"line":299,"column":101}},"167":{"start":{"line":300,"column":4},"end":{"line":300,"column":30}},"168":{"start":{"line":303,"column":2},"end":{"line":696,"column":4}},"169":{"start":{"line":310,"column":27},"end":{"line":310,"column":49}},"170":{"start":{"line":317,"column":14},"end":{"line":321,"column":15}},"171":{"start":{"line":318,"column":16},"end":{"line":318,"column":31}},"172":{"start":{"line":319,"column":16},"end":{"line":319,"column":39}},"173":{"start":{"line":320,"column":16},"end":{"line":320,"column":32}},"174":{"start":{"line":322,"column":14},"end":{"line":322,"column":32}},"175":{"start":{"line":329,"column":27},"end":{"line":329,"column":50}},"176":{"start":{"line":351,"column":36},"end":{"line":351,"column":61}},"177":{"start":{"line":353,"column":12},"end":{"line":353,"column":39}},"178":{"start":{"line":355,"column":31},"end":{"line":355,"column":58}},"179":{"start":{"line":356,"column":12},"end":{"line":358,"column":13}},"180":{"start":{"line":357,"column":14},"end":{"line":357,"column":59}},"181":{"start":{"line":361,"column":12},"end":{"line":364,"column":13}},"182":{"start":{"line":362,"column":14},"end":{"line":362,"column":34}},"183":{"start":{"line":363,"column":14},"end":{"line":363,"column":33}},"184":{"start":{"line":411,"column":12},"end":{"line":412,"column":null}},"185":{"start":{"line":416,"column":16},"end":{"line":416,"column":38}},"186":{"start":{"line":432,"column":14},"end":{"line":433,"column":null}},"187":{"start":{"line":485,"column":27},"end":{"line":485,"column":50}},"188":{"start":{"line":489,"column":30},"end":{"line":489,"column":49}},"189":{"start":{"line":495,"column":33},"end":{"line":495,"column":56}},"190":{"start":{"line":509,"column":24},"end":{"line":509,"column":37}},"191":{"start":{"line":521,"column":24},"end":{"line":521,"column":37}},"192":{"start":{"line":533,"column":24},"end":{"line":533,"column":37}},"193":{"start":{"line":547,"column":24},"end":{"line":547,"column":37}},"194":{"start":{"line":565,"column":27},"end":{"line":565,"column":45}},"195":{"start":{"line":569,"column":30},"end":{"line":569,"column":49}},"196":{"start":{"line":575,"column":33},"end":{"line":575,"column":51}},"197":{"start":{"line":595,"column":35},"end":{"line":595,"column":50}},"198":{"start":{"line":608,"column":27},"end":{"line":608,"column":51}},"199":{"start":{"line":612,"column":30},"end":{"line":612,"column":49}},"200":{"start":{"line":618,"column":33},"end":{"line":618,"column":57}},"201":{"start":{"line":629,"column":36},"end":{"line":629,"column":70}},"202":{"start":{"line":630,"column":36},"end":{"line":630,"column":63}},"203":{"start":{"line":631,"column":22},"end":{"line":631,"column":81}},"204":{"start":{"line":631,"column":47},"end":{"line":631,"column":81}},"205":{"start":{"line":632,"column":22},"end":{"line":632,"column":83}},"206":{"start":{"line":632,"column":47},"end":{"line":632,"column":83}},"207":{"start":{"line":633,"column":22},"end":{"line":640,"column":24}},"208":{"start":{"line":649,"column":36},"end":{"line":649,"column":66}},"209":{"start":{"line":650,"column":36},"end":{"line":650,"column":63}},"210":{"start":{"line":651,"column":22},"end":{"line":651,"column":81}},"211":{"start":{"line":651,"column":47},"end":{"line":651,"column":81}},"212":{"start":{"line":652,"column":22},"end":{"line":652,"column":83}},"213":{"start":{"line":652,"column":47},"end":{"line":652,"column":83}},"214":{"start":{"line":653,"column":22},"end":{"line":660,"column":24}},"215":{"start":{"line":674,"column":22},"end":{"line":674,"column":43}},"216":{"start":{"line":691,"column":27},"end":{"line":691,"column":41}},"217":{"start":{"line":699,"column":0},"end":{"line":699,"column":19}}},"fnMap":{"0":{"name":"App","decl":{"start":{"line":10,"column":9},"end":{"line":10,"column":12}},"loc":{"start":{"line":10,"column":12},"end":{"line":697,"column":1}}},"1":{"name":"(anonymous_1)","decl":{"start":{"line":32,"column":21},"end":{"line":32,"column":24}},"loc":{"start":{"line":32,"column":26},"end":{"line":39,"column":3}}},"2":{"name":"(anonymous_2)","decl":{"start":{"line":42,"column":24},"end":{"line":42,"column":25}},"loc":{"start":{"line":42,"column":50},"end":{"line":45,"column":3}}},"3":{"name":"(anonymous_3)","decl":{"start":{"line":48,"column":24},"end":{"line":48,"column":25}},"loc":{"start":{"line":48,"column":86},"end":{"line":82,"column":3}}},"4":{"name":"(anonymous_4)","decl":{"start":{"line":85,"column":20},"end":{"line":85,"column":21}},"loc":{"start":{"line":85,"column":67},"end":{"line":87,"column":3}}},"5":{"name":"(anonymous_5)","decl":{"start":{"line":90,"column":28},"end":{"line":90,"column":29}},"loc":{"start":{"line":90,"column":71},"end":{"line":111,"column":3}}},"6":{"name":"(anonymous_6)","decl":{"start":{"line":103,"column":29},"end":{"line":103,"column":32}},"loc":{"start":{"line":103,"column":34},"end":{"line":108,"column":5}}},"7":{"name":"(anonymous_7)","decl":{"start":{"line":114,"column":12},"end":{"line":114,"column":15}},"loc":{"start":{"line":114,"column":17},"end":{"line":120,"column":3}}},"8":{"name":"(anonymous_8)","decl":{"start":{"line":115,"column":11},"end":{"line":115,"column":14}},"loc":{"start":{"line":115,"column":16},"end":{"line":119,"column":5}}},"9":{"name":"(anonymous_9)","decl":{"start":{"line":123,"column":26},"end":{"line":123,"column":29}},"loc":{"start":{"line":123,"column":31},"end":{"line":135,"column":3}}},"10":{"name":"(anonymous_10)","decl":{"start":{"line":132,"column":15},"end":{"line":132,"column":18}},"loc":{"start":{"line":132,"column":20},"end":{"line":134,"column":5}}},"11":{"name":"(anonymous_11)","decl":{"start":{"line":138,"column":20},"end":{"line":138,"column":21}},"loc":{"start":{"line":138,"column":55},"end":{"line":156,"column":3}}},"12":{"name":"(anonymous_12)","decl":{"start":{"line":152,"column":25},"end":{"line":152,"column":28}},"loc":{"start":{"line":152,"column":32},"end":{"line":152,"column":69}}},"13":{"name":"(anonymous_13)","decl":{"start":{"line":159,"column":28},"end":{"line":159,"column":31}},"loc":{"start":{"line":159,"column":33},"end":{"line":186,"column":3}}},"14":{"name":"(anonymous_14)","decl":{"start":{"line":177,"column":19},"end":{"line":177,"column":22}},"loc":{"start":{"line":177,"column":24},"end":{"line":180,"column":9}}},"15":{"name":"(anonymous_15)","decl":{"start":{"line":189,"column":12},"end":{"line":189,"column":15}},"loc":{"start":{"line":189,"column":17},"end":{"line":226,"column":3}}},"16":{"name":"(anonymous_16)","decl":{"start":{"line":197,"column":19},"end":{"line":197,"column":22}},"loc":{"start":{"line":197,"column":24},"end":{"line":200,"column":9}}},"17":{"name":"(anonymous_17)","decl":{"start":{"line":202,"column":31},"end":{"line":202,"column":34}},"loc":{"start":{"line":202,"column":36},"end":{"line":204,"column":9}}},"18":{"name":"(anonymous_18)","decl":{"start":{"line":209,"column":19},"end":{"line":209,"column":22}},"loc":{"start":{"line":209,"column":24},"end":{"line":212,"column":9}}},"19":{"name":"(anonymous_19)","decl":{"start":{"line":214,"column":31},"end":{"line":214,"column":34}},"loc":{"start":{"line":214,"column":36},"end":{"line":216,"column":9}}},"20":{"name":"(anonymous_20)","decl":{"start":{"line":220,"column":13},"end":{"line":220,"column":16}},"loc":{"start":{"line":220,"column":18},"end":{"line":224,"column":7}}},"21":{"name":"(anonymous_21)","decl":{"start":{"line":235,"column":25},"end":{"line":235,"column":26}},"loc":{"start":{"line":235,"column":70},"end":{"line":261,"column":3}}},"22":{"name":"(anonymous_22)","decl":{"start":{"line":263,"column":23},"end":{"line":263,"column":26}},"loc":{"start":{"line":263,"column":28},"end":{"line":271,"column":3}}},"23":{"name":"(anonymous_23)","decl":{"start":{"line":273,"column":22},"end":{"line":273,"column":23}},"loc":{"start":{"line":273,"column":71},"end":{"line":301,"column":3}}},"24":{"name":"(anonymous_24)","decl":{"start":{"line":310,"column":21},"end":{"line":310,"column":24}},"loc":{"start":{"line":310,"column":27},"end":{"line":310,"column":49}}},"25":{"name":"(anonymous_25)","decl":{"start":{"line":316,"column":21},"end":{"line":316,"column":24}},"loc":{"start":{"line":316,"column":26},"end":{"line":323,"column":13}}},"26":{"name":"(anonymous_26)","decl":{"start":{"line":329,"column":21},"end":{"line":329,"column":24}},"loc":{"start":{"line":329,"column":27},"end":{"line":329,"column":50}}},"27":{"name":"(anonymous_27)","decl":{"start":{"line":351,"column":30},"end":{"line":351,"column":33}},"loc":{"start":{"line":351,"column":36},"end":{"line":351,"column":61}}},"28":{"name":"(anonymous_28)","decl":{"start":{"line":352,"column":28},"end":{"line":352,"column":31}},"loc":{"start":{"line":352,"column":33},"end":{"line":359,"column":11}}},"29":{"name":"(anonymous_29)","decl":{"start":{"line":360,"column":21},"end":{"line":360,"column":22}},"loc":{"start":{"line":360,"column":27},"end":{"line":365,"column":11}}},"30":{"name":"(anonymous_30)","decl":{"start":{"line":410,"column":20},"end":{"line":410,"column":21}},"loc":{"start":{"line":411,"column":12},"end":{"line":412,"column":null}}},"31":{"name":"(anonymous_31)","decl":{"start":{"line":415,"column":23},"end":{"line":415,"column":24}},"loc":{"start":{"line":416,"column":16},"end":{"line":416,"column":38}}},"32":{"name":"(anonymous_32)","decl":{"start":{"line":431,"column":45},"end":{"line":431,"column":46}},"loc":{"start":{"line":432,"column":14},"end":{"line":433,"column":null}}},"33":{"name":"(anonymous_33)","decl":{"start":{"line":485,"column":21},"end":{"line":485,"column":24}},"loc":{"start":{"line":485,"column":27},"end":{"line":485,"column":50}}},"34":{"name":"(anonymous_34)","decl":{"start":{"line":489,"column":23},"end":{"line":489,"column":24}},"loc":{"start":{"line":489,"column":30},"end":{"line":489,"column":49}}},"35":{"name":"(anonymous_35)","decl":{"start":{"line":495,"column":27},"end":{"line":495,"column":30}},"loc":{"start":{"line":495,"column":33},"end":{"line":495,"column":56}}},"36":{"name":"(anonymous_36)","decl":{"start":{"line":508,"column":48},"end":{"line":508,"column":49}},"loc":{"start":{"line":509,"column":24},"end":{"line":509,"column":37}}},"37":{"name":"(anonymous_37)","decl":{"start":{"line":520,"column":48},"end":{"line":520,"column":49}},"loc":{"start":{"line":521,"column":24},"end":{"line":521,"column":37}}},"38":{"name":"(anonymous_38)","decl":{"start":{"line":532,"column":48},"end":{"line":532,"column":49}},"loc":{"start":{"line":533,"column":24},"end":{"line":533,"column":37}}},"39":{"name":"(anonymous_39)","decl":{"start":{"line":546,"column":48},"end":{"line":546,"column":49}},"loc":{"start":{"line":547,"column":24},"end":{"line":547,"column":37}}},"40":{"name":"(anonymous_40)","decl":{"start":{"line":565,"column":21},"end":{"line":565,"column":24}},"loc":{"start":{"line":565,"column":27},"end":{"line":565,"column":45}}},"41":{"name":"(anonymous_41)","decl":{"start":{"line":569,"column":23},"end":{"line":569,"column":24}},"loc":{"start":{"line":569,"column":30},"end":{"line":569,"column":49}}},"42":{"name":"(anonymous_42)","decl":{"start":{"line":575,"column":27},"end":{"line":575,"column":30}},"loc":{"start":{"line":575,"column":33},"end":{"line":575,"column":51}}},"43":{"name":"(anonymous_43)","decl":{"start":{"line":595,"column":29},"end":{"line":595,"column":32}},"loc":{"start":{"line":595,"column":35},"end":{"line":595,"column":50}}},"44":{"name":"(anonymous_44)","decl":{"start":{"line":608,"column":21},"end":{"line":608,"column":24}},"loc":{"start":{"line":608,"column":27},"end":{"line":608,"column":51}}},"45":{"name":"(anonymous_45)","decl":{"start":{"line":612,"column":23},"end":{"line":612,"column":24}},"loc":{"start":{"line":612,"column":30},"end":{"line":612,"column":49}}},"46":{"name":"(anonymous_46)","decl":{"start":{"line":618,"column":27},"end":{"line":618,"column":30}},"loc":{"start":{"line":618,"column":33},"end":{"line":618,"column":57}}},"47":{"name":"(anonymous_47)","decl":{"start":{"line":628,"column":144},"end":{"line":628,"column":145}},"loc":{"start":{"line":628,"column":156},"end":{"line":641,"column":21}}},"48":{"name":"(anonymous_48)","decl":{"start":{"line":648,"column":168},"end":{"line":648,"column":169}},"loc":{"start":{"line":648,"column":178},"end":{"line":661,"column":21}}},"49":{"name":"(anonymous_49)","decl":{"start":{"line":673,"column":26},"end":{"line":673,"column":27}},"loc":{"start":{"line":674,"column":22},"end":{"line":674,"column":43}}},"50":{"name":"(anonymous_50)","decl":{"start":{"line":691,"column":21},"end":{"line":691,"column":24}},"loc":{"start":{"line":691,"column":27},"end":{"line":691,"column":41}}}},"branchMap":{"0":{"loc":{"start":{"line":50,"column":4},"end":{"line":55,"column":5}},"type":"if","locations":[{"start":{"line":50,"column":4},"end":{"line":55,"column":5}}]},"1":{"loc":{"start":{"line":58,"column":4},"end":{"line":63,"column":5}},"type":"if","locations":[{"start":{"line":58,"column":4},"end":{"line":63,"column":5}}]},"2":{"loc":{"start":{"line":66,"column":4},"end":{"line":71,"column":5}},"type":"if","locations":[{"start":{"line":66,"column":4},"end":{"line":71,"column":5}}]},"3":{"loc":{"start":{"line":74,"column":4},"end":{"line":79,"column":5}},"type":"if","locations":[{"start":{"line":74,"column":4},"end":{"line":79,"column":5}}]},"4":{"loc":{"start":{"line":95,"column":4},"end":{"line":95,"column":33}},"type":"if","locations":[{"start":{"line":95,"column":4},"end":{"line":95,"column":33}}]},"5":{"loc":{"start":{"line":98,"column":4},"end":{"line":100,"column":5}},"type":"if","locations":[{"start":{"line":98,"column":4},"end":{"line":100,"column":5}}]},"6":{"loc":{"start":{"line":105,"column":6},"end":{"line":107,"column":7}},"type":"if","locations":[{"start":{"line":105,"column":6},"end":{"line":107,"column":7}}]},"7":{"loc":{"start":{"line":116,"column":6},"end":{"line":118,"column":7}},"type":"if","locations":[{"start":{"line":116,"column":6},"end":{"line":118,"column":7}}]},"8":{"loc":{"start":{"line":141,"column":6},"end":{"line":150,"column":7}},"type":"if","locations":[{"start":{"line":141,"column":6},"end":{"line":150,"column":7}},{"start":{"line":144,"column":13},"end":{"line":150,"column":7}}]},"9":{"loc":{"start":{"line":144,"column":13},"end":{"line":150,"column":7}},"type":"if","locations":[{"start":{"line":144,"column":13},"end":{"line":150,"column":7}},{"start":{"line":147,"column":13},"end":{"line":150,"column":7}}]},"10":{"loc":{"start":{"line":160,"column":4},"end":{"line":185,"column":5}},"type":"if","locations":[{"start":{"line":160,"column":4},"end":{"line":185,"column":5}}]},"11":{"loc":{"start":{"line":161,"column":6},"end":{"line":165,"column":7}},"type":"if","locations":[{"start":{"line":161,"column":6},"end":{"line":165,"column":7}}]},"12":{"loc":{"start":{"line":167,"column":6},"end":{"line":184,"column":7}},"type":"if","locations":[{"start":{"line":167,"column":6},"end":{"line":184,"column":7}},{"start":{"line":181,"column":13},"end":{"line":184,"column":7}}]},"13":{"loc":{"start":{"line":190,"column":4},"end":{"line":225,"column":5}},"type":"if","locations":[{"start":{"line":190,"column":4},"end":{"line":225,"column":5}}]},"14":{"loc":{"start":{"line":190,"column":8},"end":{"line":190,"column":51}},"type":"binary-expr","locations":[{"start":{"line":190,"column":8},"end":{"line":190,"column":27}},{"start":{"line":190,"column":31},"end":{"line":190,"column":51}}]},"15":{"loc":{"start":{"line":193,"column":6},"end":{"line":217,"column":7}},"type":"if","locations":[{"start":{"line":193,"column":6},"end":{"line":217,"column":7}},{"start":{"line":205,"column":13},"end":{"line":217,"column":7}}]},"16":{"loc":{"start":{"line":221,"column":8},"end":{"line":223,"column":9}},"type":"if","locations":[{"start":{"line":221,"column":8},"end":{"line":223,"column":9}}]},"17":{"loc":{"start":{"line":240,"column":8},"end":{"line":244,"column":9}},"type":"if","locations":[{"start":{"line":240,"column":8},"end":{"line":244,"column":9}},{"start":{"line":242,"column":15},"end":{"line":244,"column":9}}]},"18":{"loc":{"start":{"line":240,"column":12},"end":{"line":240,"column":98}},"type":"binary-expr","locations":[{"start":{"line":240,"column":12},"end":{"line":240,"column":30}},{"start":{"line":240,"column":34},"end":{"line":240,"column":63}},{"start":{"line":240,"column":67},"end":{"line":240,"column":98}}]},"19":{"loc":{"start":{"line":242,"column":15},"end":{"line":244,"column":9}},"type":"if","locations":[{"start":{"line":242,"column":15},"end":{"line":244,"column":9}}]},"20":{"loc":{"start":{"line":242,"column":19},"end":{"line":242,"column":99}},"type":"binary-expr","locations":[{"start":{"line":242,"column":19},"end":{"line":242,"column":35}},{"start":{"line":242,"column":39},"end":{"line":242,"column":66}},{"start":{"line":242,"column":70},"end":{"line":242,"column":99}}]},"21":{"loc":{"start":{"line":252,"column":8},"end":{"line":256,"column":9}},"type":"if","locations":[{"start":{"line":252,"column":8},"end":{"line":256,"column":9}},{"start":{"line":254,"column":15},"end":{"line":256,"column":9}}]},"22":{"loc":{"start":{"line":252,"column":12},"end":{"line":252,"column":98}},"type":"binary-expr","locations":[{"start":{"line":252,"column":12},"end":{"line":252,"column":30}},{"start":{"line":252,"column":34},"end":{"line":252,"column":63}},{"start":{"line":252,"column":67},"end":{"line":252,"column":98}}]},"23":{"loc":{"start":{"line":254,"column":15},"end":{"line":256,"column":9}},"type":"if","locations":[{"start":{"line":254,"column":15},"end":{"line":256,"column":9}}]},"24":{"loc":{"start":{"line":254,"column":19},"end":{"line":254,"column":99}},"type":"binary-expr","locations":[{"start":{"line":254,"column":19},"end":{"line":254,"column":35}},{"start":{"line":254,"column":39},"end":{"line":254,"column":66}},{"start":{"line":254,"column":70},"end":{"line":254,"column":99}}]},"25":{"loc":{"start":{"line":274,"column":4},"end":{"line":274,"column":43}},"type":"if","locations":[{"start":{"line":274,"column":4},"end":{"line":274,"column":43}}]},"26":{"loc":{"start":{"line":281,"column":6},"end":{"line":285,"column":7}},"type":"if","locations":[{"start":{"line":281,"column":6},"end":{"line":285,"column":7}}]},"27":{"loc":{"start":{"line":287,"column":4},"end":{"line":287,"column":50}},"type":"if","locations":[{"start":{"line":287,"column":4},"end":{"line":287,"column":50}}]},"28":{"loc":{"start":{"line":289,"column":4},"end":{"line":298,"column":5}},"type":"switch","locations":[{"start":{"line":290,"column":6},"end":{"line":290,"column":60}},{"start":{"line":291,"column":6},"end":{"line":291,"column":60}},{"start":{"line":292,"column":6},"end":{"line":292,"column":60}},{"start":{"line":293,"column":6},"end":{"line":293,"column":60}},{"start":{"line":294,"column":6},"end":{"line":294,"column":60}},{"start":{"line":295,"column":6},"end":{"line":295,"column":15}},{"start":{"line":296,"column":6},"end":{"line":296,"column":60}},{"start":{"line":297,"column":6},"end":{"line":297,"column":41}}]},"29":{"loc":{"start":{"line":317,"column":14},"end":{"line":321,"column":15}},"type":"if","locations":[{"start":{"line":317,"column":14},"end":{"line":321,"column":15}}]},"30":{"loc":{"start":{"line":356,"column":12},"end":{"line":358,"column":13}},"type":"if","locations":[{"start":{"line":356,"column":12},"end":{"line":358,"column":13}}]},"31":{"loc":{"start":{"line":361,"column":12},"end":{"line":364,"column":13}},"type":"if","locations":[{"start":{"line":361,"column":12},"end":{"line":364,"column":13}}]},"32":{"loc":{"start":{"line":413,"column":80},"end":{"line":413,"column":124}},"type":"cond-expr","locations":[{"start":{"line":413,"column":104},"end":{"line":413,"column":119}},{"start":{"line":413,"column":122},"end":{"line":413,"column":124}}]},"33":{"loc":{"start":{"line":413,"column":128},"end":{"line":413,"column":203}},"type":"cond-expr","locations":[{"start":{"line":413,"column":183},"end":{"line":413,"column":198}},{"start":{"line":413,"column":201},"end":{"line":413,"column":203}}]},"34":{"loc":{"start":{"line":413,"column":128},"end":{"line":413,"column":180}},"type":"binary-expr","locations":[{"start":{"line":413,"column":128},"end":{"line":413,"column":158}},{"start":{"line":413,"column":162},"end":{"line":413,"column":180}}]},"35":{"loc":{"start":{"line":422,"column":9},"end":{"line":425,"column":null}},"type":"binary-expr","locations":[{"start":{"line":422,"column":9},"end":{"line":422,"column":16}},{"start":{"line":423,"column":10},"end":{"line":424,"column":null}}]},"36":{"loc":{"start":{"line":423,"column":153},"end":{"line":423,"column":235}},"type":"cond-expr","locations":[{"start":{"line":423,"column":179},"end":{"line":423,"column":206}},{"start":{"line":423,"column":209},"end":{"line":423,"column":235}}]},"37":{"loc":{"start":{"line":429,"column":9},"end":{"line":450,"column":null}},"type":"binary-expr","locations":[{"start":{"line":429,"column":9},"end":{"line":429,"column":21}},{"start":{"line":430,"column":10},"end":{"line":449,"column":null}}]},"38":{"loc":{"start":{"line":454,"column":9},"end":{"line":457,"column":null}},"type":"binary-expr","locations":[{"start":{"line":454,"column":9},"end":{"line":454,"column":25}},{"start":{"line":455,"column":10},"end":{"line":456,"column":null}}]},"39":{"loc":{"start":{"line":460,"column":9},"end":{"line":474,"column":null}},"type":"binary-expr","locations":[{"start":{"line":460,"column":9},"end":{"line":460,"column":32}},{"start":{"line":461,"column":10},"end":{"line":473,"column":null}}]},"40":{"loc":{"start":{"line":483,"column":9},"end":{"line":560,"column":null}},"type":"binary-expr","locations":[{"start":{"line":483,"column":9},"end":{"line":483,"column":22}},{"start":{"line":484,"column":10},"end":{"line":559,"column":null}}]},"41":{"loc":{"start":{"line":521,"column":77},"end":{"line":521,"column":116}},"type":"cond-expr","locations":[{"start":{"line":521,"column":87},"end":{"line":521,"column":101}},{"start":{"line":521,"column":104},"end":{"line":521,"column":116}}]},"42":{"loc":{"start":{"line":563,"column":9},"end":{"line":603,"column":null}},"type":"binary-expr","locations":[{"start":{"line":563,"column":9},"end":{"line":563,"column":17}},{"start":{"line":564,"column":10},"end":{"line":602,"column":null}}]},"43":{"loc":{"start":{"line":583,"column":19},"end":{"line":583,"column":60}},"type":"cond-expr","locations":[{"start":{"line":583,"column":37},"end":{"line":583,"column":47}},{"start":{"line":583,"column":50},"end":{"line":583,"column":60}}]},"44":{"loc":{"start":{"line":586,"column":84},"end":{"line":586,"column":109}},"type":"binary-expr","locations":[{"start":{"line":586,"column":84},"end":{"line":586,"column":103}},{"start":{"line":586,"column":107},"end":{"line":586,"column":109}}]},"45":{"loc":{"start":{"line":587,"column":19},"end":{"line":590,"column":null}},"type":"cond-expr","locations":[{"start":{"line":588,"column":20},"end":{"line":588,"column":113}},{"start":{"line":590,"column":20},"end":{"line":590,"column":89}}]},"46":{"loc":{"start":{"line":588,"column":83},"end":{"line":588,"column":106}},"type":"binary-expr","locations":[{"start":{"line":588,"column":83},"end":{"line":588,"column":100}},{"start":{"line":588,"column":104},"end":{"line":588,"column":106}}]},"47":{"loc":{"start":{"line":593,"column":17},"end":{"line":599,"column":null}},"type":"binary-expr","locations":[{"start":{"line":593,"column":17},"end":{"line":593,"column":32}},{"start":{"line":594,"column":18},"end":{"line":596,"column":null}}]},"48":{"loc":{"start":{"line":606,"column":9},"end":{"line":683,"column":null}},"type":"binary-expr","locations":[{"start":{"line":606,"column":9},"end":{"line":606,"column":23}},{"start":{"line":607,"column":10},"end":{"line":682,"column":null}}]},"49":{"loc":{"start":{"line":631,"column":22},"end":{"line":631,"column":81}},"type":"if","locations":[{"start":{"line":631,"column":22},"end":{"line":631,"column":81}}]},"50":{"loc":{"start":{"line":632,"column":22},"end":{"line":632,"column":83}},"type":"if","locations":[{"start":{"line":632,"column":22},"end":{"line":632,"column":83}}]},"51":{"loc":{"start":{"line":651,"column":22},"end":{"line":651,"column":81}},"type":"if","locations":[{"start":{"line":651,"column":22},"end":{"line":651,"column":81}}]},"52":{"loc":{"start":{"line":652,"column":22},"end":{"line":652,"column":83}},"type":"if","locations":[{"start":{"line":652,"column":22},"end":{"line":652,"column":83}}]},"53":{"loc":{"start":{"line":687,"column":9},"end":{"line":692,"column":null}},"type":"binary-expr","locations":[{"start":{"line":687,"column":9},"end":{"line":687,"column":14}},{"start":{"line":688,"column":10},"end":{"line":691,"column":null}}]}},"s":{"0":2,"1":2,"2":2,"3":2,"4":2,"5":2,"6":2,"7":35,"8":35,"9":35,"10":35,"11":35,"12":35,"13":35,"14":35,"15":35,"16":0,"17":0,"18":0,"19":0,"20":0,"21":0,"22":35,"23":4,"24":35,"25":4,"26":2,"27":2,"28":1,"29":1,"30":1,"31":0,"32":0,"33":0,"34":35,"35":5,"36":35,"37":6,"38":6,"39":6,"40":0,"41":6,"42":0,"43":6,"44":4,"45":4,"46":4,"47":6,"48":35,"49":19,"50":19,"51":6,"52":35,"53":0,"54":0,"55":0,"56":0,"57":0,"58":0,"59":0,"60":35,"61":0,"62":0,"63":0,"64":0,"65":0,"66":0,"67":0,"68":0,"69":0,"70":0,"71":0,"72":35,"73":1,"74":1,"75":1,"76":1,"77":0,"78":0,"79":0,"80":0,"81":0,"82":0,"83":0,"84":0,"85":0,"86":35,"87":13,"88":0,"89":0,"90":0,"91":0,"92":0,"93":0,"94":0,"95":0,"96":0,"97":0,"98":0,"99":0,"100":0,"101":0,"102":0,"103":0,"104":35,"105":35,"106":35,"107":35,"108":35,"109":35,"110":35,"111":94,"112":94,"113":0,"114":0,"115":0,"116":0,"117":0,"118":0,"119":94,"120":94,"121":0,"122":0,"123":0,"124":0,"125":0,"126":0,"127":94,"128":35,"129":3,"130":3,"131":3,"132":3,"133":3,"134":3,"135":3,"136":35,"137":3,"138":0,"139":3,"140":3,"141":3,"142":3,"143":3,"144":6,"145":6,"146":3,"147":3,"148":3,"149":3,"150":0,"151":3,"152":3,"153":0,"154":0,"155":3,"156":3,"157":0,"158":0,"159":0,"160":0,"161":0,"162":0,"163":0,"164":0,"165":0,"166":3,"167":3,"168":35,"169":2,"170":3,"171":3,"172":3,"173":3,"174":3,"175":2,"176":0,"177":0,"178":0,"179":0,"180":0,"181":1,"182":1,"183":1,"184":0,"185":0,"186":0,"187":0,"188":1,"189":1,"190":8,"191":8,"192":8,"193":8,"194":0,"195":2,"196":1,"197":1,"198":0,"199":1,"200":1,"201":46,"202":46,"203":46,"204":0,"205":46,"206":0,"207":46,"208":48,"209":48,"210":48,"211":0,"212":48,"213":0,"214":48,"215":8,"216":0,"217":2},"f":{"0":35,"1":0,"2":4,"3":4,"4":5,"5":6,"6":4,"7":19,"8":19,"9":0,"10":0,"11":0,"12":0,"13":1,"14":0,"15":13,"16":0,"17":0,"18":0,"19":0,"20":0,"21":94,"22":3,"23":3,"24":2,"25":3,"26":2,"27":0,"28":0,"29":1,"30":0,"31":0,"32":0,"33":0,"34":1,"35":1,"36":8,"37":8,"38":8,"39":8,"40":0,"41":2,"42":1,"43":1,"44":0,"45":1,"46":1,"47":46,"48":48,"49":8,"50":0},"b":{"0":[2],"1":[1],"2":[1],"3":[0],"4":[0],"5":[0],"6":[4],"7":[6],"8":[0,0],"9":[0,0],"10":[1],"11":[1],"12":[0,0],"13":[0],"14":[13,13],"15":[0,0],"16":[0],"17":[0,0],"18":[0,0,0],"19":[0],"20":[0,0,0],"21":[0,0],"22":[0,0,0],"23":[0],"24":[0,0,0],"25":[0],"26":[3],"27":[0],"28":[0,3,0,0,0,0,0,0],"29":[3],"30":[0],"31":[1],"32":[0,0],"33":[0,0],"34":[0,0],"35":[35,0],"36":[0,0],"37":[35,0],"38":[35,0],"39":[35,0],"40":[35,2],"41":[2,6],"42":[35,4],"43":[3,1],"44":[4,0],"45":[1,3],"46":[1,0],"47":[4,3],"48":[35,2],"49":[0],"50":[0],"51":[0],"52":[0],"53":[35,5]}}
,"D:\\Qoder\\Demo-pg\\handle\\handle-wordle\\src\\Cell.tsx": {"path":"D:\\Qoder\\Demo-pg\\handle\\handle-wordle\\src\\Cell.tsx","statementMap":{"0":{"start":{"line":9,"column":0},"end":{"line":9,"column":16}},"1":{"start":{"line":10,"column":64},"end":{"line":10,"column":68}},"2":{"start":{"line":13,"column":26},"end":{"line":24,"column":3}},"3":{"start":{"line":14,"column":4},"end":{"line":23,"column":5}},"4":{"start":{"line":16,"column":8},"end":{"line":16,"column":28}},"5":{"start":{"line":18,"column":8},"end":{"line":18,"column":30}},"6":{"start":{"line":20,"column":8},"end":{"line":20,"column":28}},"7":{"start":{"line":22,"column":8},"end":{"line":22,"column":51}},"8":{"start":{"line":27,"column":28},"end":{"line":32,"column":3}},"9":{"start":{"line":28,"column":4},"end":{"line":30,"column":5}},"10":{"start":{"line":29,"column":6},"end":{"line":29,"column":26}},"11":{"start":{"line":31,"column":4},"end":{"line":31,"column":27}},"12":{"start":{"line":35,"column":30},"end":{"line":68,"column":3}},"13":{"start":{"line":37,"column":4},"end":{"line":39,"column":5}},"14":{"start":{"line":38,"column":6},"end":{"line":38,"column":36}},"15":{"start":{"line":41,"column":4},"end":{"line":43,"column":5}},"16":{"start":{"line":42,"column":6},"end":{"line":42,"column":36}},"17":{"start":{"line":45,"column":4},"end":{"line":56,"column":5}},"18":{"start":{"line":46,"column":6},"end":{"line":55,"column":7}},"19":{"start":{"line":48,"column":10},"end":{"line":48,"column":42}},"20":{"start":{"line":50,"column":10},"end":{"line":50,"column":44}},"21":{"start":{"line":52,"column":10},"end":{"line":52,"column":40}},"22":{"start":{"line":54,"column":10},"end":{"line":54,"column":40}},"23":{"start":{"line":58,"column":4},"end":{"line":67,"column":5}},"24":{"start":{"line":60,"column":8},"end":{"line":60,"column":40}},"25":{"start":{"line":62,"column":8},"end":{"line":62,"column":42}},"26":{"start":{"line":64,"column":8},"end":{"line":64,"column":40}},"27":{"start":{"line":66,"column":8},"end":{"line":66,"column":41}},"28":{"start":{"line":71,"column":22},"end":{"line":125,"column":3}},"29":{"start":{"line":72,"column":4},"end":{"line":74,"column":5}},"30":{"start":{"line":73,"column":6},"end":{"line":73,"column":29}},"31":{"start":{"line":76,"column":22},"end":{"line":76,"column":74}},"32":{"start":{"line":77,"column":19},"end":{"line":77,"column":28}},"33":{"start":{"line":80,"column":20},"end":{"line":80,"column":22}},"34":{"start":{"line":81,"column":21},"end":{"line":81,"column":23}},"35":{"start":{"line":84,"column":4},"end":{"line":91,"column":5}},"36":{"start":{"line":85,"column":20},"end":{"line":85,"column":54}},"37":{"start":{"line":86,"column":6},"end":{"line":90,"column":7}},"38":{"start":{"line":87,"column":8},"end":{"line":87,"column":33}},"39":{"start":{"line":88,"column":8},"end":{"line":88,"column":27}},"40":{"start":{"line":89,"column":8},"end":{"line":89,"column":14}},"41":{"start":{"line":93,"column":4},"end":{"line":95,"column":5}},"42":{"start":{"line":94,"column":6},"end":{"line":94,"column":29}},"43":{"start":{"line":98,"column":24},"end":{"line":98,"column":26}},"44":{"start":{"line":99,"column":4},"end":{"line":121,"column":5}},"45":{"start":{"line":101,"column":8},"end":{"line":101,"column":45}},"46":{"start":{"line":102,"column":8},"end":{"line":102,"column":14}},"47":{"start":{"line":104,"column":8},"end":{"line":104,"column":45}},"48":{"start":{"line":105,"column":8},"end":{"line":105,"column":14}},"49":{"start":{"line":107,"column":8},"end":{"line":107,"column":45}},"50":{"start":{"line":108,"column":8},"end":{"line":108,"column":14}},"51":{"start":{"line":110,"column":8},"end":{"line":110,"column":45}},"52":{"start":{"line":111,"column":8},"end":{"line":111,"column":14}},"53":{"start":{"line":113,"column":8},"end":{"line":113,"column":45}},"54":{"start":{"line":114,"column":8},"end":{"line":114,"column":14}},"55":{"start":{"line":117,"column":8},"end":{"line":117,"column":45}},"56":{"start":{"line":118,"column":8},"end":{"line":118,"column":14}},"57":{"start":{"line":120,"column":8},"end":{"line":120,"column":34}},"58":{"start":{"line":123,"column":21},"end":{"line":123,"column":101}},"59":{"start":{"line":124,"column":4},"end":{"line":124,"column":30}},"60":{"start":{"line":128,"column":21},"end":{"line":128,"column":75}},"61":{"start":{"line":129,"column":24},"end":{"line":129,"column":67}},"62":{"start":{"line":131,"column":2},"end":{"line":158,"column":4}}},"fnMap":{"0":{"name":"Cell","decl":{"start":{"line":9,"column":16},"end":{"line":9,"column":20}},"loc":{"start":{"line":9,"column":77},"end":{"line":159,"column":1}}},"1":{"name":"(anonymous_1)","decl":{"start":{"line":13,"column":26},"end":{"line":13,"column":29}},"loc":{"start":{"line":13,"column":31},"end":{"line":24,"column":3}}},"2":{"name":"(anonymous_2)","decl":{"start":{"line":27,"column":28},"end":{"line":27,"column":31}},"loc":{"start":{"line":27,"column":33},"end":{"line":32,"column":3}}},"3":{"name":"(anonymous_3)","decl":{"start":{"line":35,"column":30},"end":{"line":35,"column":31}},"loc":{"start":{"line":35,"column":48},"end":{"line":68,"column":3}}},"4":{"name":"(anonymous_4)","decl":{"start":{"line":71,"column":22},"end":{"line":71,"column":23}},"loc":{"start":{"line":71,"column":71},"end":{"line":125,"column":3}}}},"branchMap":{"0":{"loc":{"start":{"line":9,"column":29},"end":{"line":9,"column":45}},"type":"default-arg","locations":[{"start":{"line":9,"column":40},"end":{"line":9,"column":45}}]},"1":{"loc":{"start":{"line":9,"column":47},"end":{"line":9,"column":64}},"type":"default-arg","locations":[{"start":{"line":9,"column":60},"end":{"line":9,"column":64}}]},"2":{"loc":{"start":{"line":14,"column":4},"end":{"line":23,"column":5}},"type":"switch","locations":[{"start":{"line":15,"column":6},"end":{"line":16,"column":28}},{"start":{"line":17,"column":6},"end":{"line":18,"column":30}},{"start":{"line":19,"column":6},"end":{"line":20,"column":28}},{"start":{"line":21,"column":6},"end":{"line":22,"column":51}}]},"3":{"loc":{"start":{"line":28,"column":4},"end":{"line":30,"column":5}},"type":"if","locations":[{"start":{"line":28,"column":4},"end":{"line":30,"column":5}}]},"4":{"loc":{"start":{"line":28,"column":8},"end":{"line":28,"column":84}},"type":"binary-expr","locations":[{"start":{"line":28,"column":8},"end":{"line":28,"column":31}},{"start":{"line":28,"column":35},"end":{"line":28,"column":58}},{"start":{"line":28,"column":62},"end":{"line":28,"column":84}}]},"5":{"loc":{"start":{"line":37,"column":4},"end":{"line":39,"column":5}},"type":"if","locations":[{"start":{"line":37,"column":4},"end":{"line":39,"column":5}}]},"6":{"loc":{"start":{"line":41,"column":4},"end":{"line":43,"column":5}},"type":"if","locations":[{"start":{"line":41,"column":4},"end":{"line":43,"column":5}}]},"7":{"loc":{"start":{"line":45,"column":4},"end":{"line":56,"column":5}},"type":"if","locations":[{"start":{"line":45,"column":4},"end":{"line":56,"column":5}}]},"8":{"loc":{"start":{"line":46,"column":6},"end":{"line":55,"column":7}},"type":"switch","locations":[{"start":{"line":47,"column":8},"end":{"line":48,"column":42}},{"start":{"line":49,"column":8},"end":{"line":50,"column":44}},{"start":{"line":51,"column":8},"end":{"line":52,"column":40}},{"start":{"line":53,"column":8},"end":{"line":54,"column":40}}]},"9":{"loc":{"start":{"line":58,"column":4},"end":{"line":67,"column":5}},"type":"switch","locations":[{"start":{"line":59,"column":6},"end":{"line":60,"column":40}},{"start":{"line":61,"column":6},"end":{"line":62,"column":42}},{"start":{"line":63,"column":6},"end":{"line":64,"column":40}},{"start":{"line":65,"column":6},"end":{"line":66,"column":41}}]},"10":{"loc":{"start":{"line":72,"column":4},"end":{"line":74,"column":5}},"type":"if","locations":[{"start":{"line":72,"column":4},"end":{"line":74,"column":5}}]},"11":{"loc":{"start":{"line":86,"column":6},"end":{"line":90,"column":7}},"type":"if","locations":[{"start":{"line":86,"column":6},"end":{"line":90,"column":7}}]},"12":{"loc":{"start":{"line":93,"column":4},"end":{"line":95,"column":5}},"type":"if","locations":[{"start":{"line":93,"column":4},"end":{"line":95,"column":5}}]},"13":{"loc":{"start":{"line":99,"column":4},"end":{"line":121,"column":5}},"type":"switch","locations":[{"start":{"line":100,"column":6},"end":{"line":102,"column":14}},{"start":{"line":103,"column":6},"end":{"line":105,"column":14}},{"start":{"line":106,"column":6},"end":{"line":108,"column":14}},{"start":{"line":109,"column":6},"end":{"line":111,"column":14}},{"start":{"line":112,"column":6},"end":{"line":114,"column":14}},{"start":{"line":115,"column":6},"end":{"line":115,"column":15}},{"start":{"line":116,"column":6},"end":{"line":118,"column":14}},{"start":{"line":119,"column":6},"end":{"line":120,"column":34}}]},"14":{"loc":{"start":{"line":141,"column":10},"end":{"line":141,"column":62}},"type":"cond-expr","locations":[{"start":{"line":141,"column":21},"end":{"line":141,"column":57}},{"start":{"line":141,"column":60},"end":{"line":141,"column":62}}]},"15":{"loc":{"start":{"line":142,"column":10},"end":{"line":142,"column":87}},"type":"cond-expr","locations":[{"start":{"line":142,"column":34},"end":{"line":142,"column":73}},{"start":{"line":142,"column":76},"end":{"line":142,"column":87}}]},"16":{"loc":{"start":{"line":146,"column":7},"end":{"line":154,"column":null}},"type":"binary-expr","locations":[{"start":{"line":146,"column":7},"end":{"line":146,"column":17}},{"start":{"line":146,"column":22},"end":{"line":146,"column":36}},{"start":{"line":146,"column":40},"end":{"line":146,"column":52}},{"start":{"line":147,"column":8},"end":{"line":153,"column":null}}]}},"s":{"0":3,"1":5,"2":5,"3":5,"4":1,"5":1,"6":2,"7":1,"8":5,"9":5,"10":4,"11":1,"12":5,"13":8,"14":2,"15":6,"16":2,"17":4,"18":4,"19":1,"20":1,"21":2,"22":0,"23":0,"24":0,"25":0,"26":0,"27":0,"28":5,"29":5,"30":1,"31":4,"32":4,"33":4,"34":4,"35":4,"36":6,"37":6,"38":4,"39":4,"40":4,"41":4,"42":0,"43":4,"44":4,"45":3,"46":3,"47":0,"48":0,"49":1,"50":1,"51":0,"52":0,"53":0,"54":0,"55":0,"56":0,"57":0,"58":4,"59":4,"60":5,"61":5,"62":5},"f":{"0":5,"1":5,"2":5,"3":8,"4":5},"b":{"0":[5],"1":[5],"2":[1,1,2,1],"3":[4],"4":[5,4,3],"5":[2],"6":[2],"7":[4],"8":[1,1,2,0],"9":[0,0,0,0],"10":[1],"11":[4],"12":[0],"13":[3,0,1,0,0,0,0,0],"14":[0,5],"15":[1,4],"16":[5,5,1,4]}}
,"D:\\Qoder\\Demo-pg\\handle\\handle-wordle\\src\\Toast.tsx": {"path":"D:\\Qoder\\Demo-pg\\handle\\handle-wordle\\src\\Toast.tsx","statementMap":{"0":{"start":{"line":1,"column":0},"end":{"line":1,"column":51}},"1":{"start":{"line":10,"column":36},"end":{"line":76,"column":1}},"2":{"start":{"line":11,"column":36},"end":{"line":11,"column":50}},"3":{"start":{"line":13,"column":2},"end":{"line":20,"column":26}},"4":{"start":{"line":14,"column":18},"end":{"line":17,"column":16}},"5":{"start":{"line":15,"column":6},"end":{"line":15,"column":26}},"6":{"start":{"line":16,"column":6},"end":{"line":16,"column":31}},"7":{"start":{"line":19,"column":4},"end":{"line":19,"column":37}},"8":{"start":{"line":19,"column":17},"end":{"line":19,"column":36}},"9":{"start":{"line":22,"column":24},"end":{"line":38,"column":3}},"10":{"start":{"line":23,"column":4},"end":{"line":37,"column":5}},"11":{"start":{"line":24,"column":6},"end":{"line":29,"column":8}},"12":{"start":{"line":31,"column":6},"end":{"line":36,"column":8}},"13":{"start":{"line":40,"column":17},"end":{"line":40,"column":32}},"14":{"start":{"line":42,"column":2},"end":{"line":75,"column":4}},"15":{"start":{"line":65,"column":12},"end":{"line":65,"column":32}},"16":{"start":{"line":66,"column":12},"end":{"line":66,"column":37}},"17":{"start":{"line":78,"column":0},"end":{"line":78,"column":21}}},"fnMap":{"0":{"name":"(anonymous_0)","decl":{"start":{"line":10,"column":36},"end":{"line":10,"column":37}},"loc":{"start":{"line":10,"column":84},"end":{"line":76,"column":1}}},"1":{"name":"(anonymous_1)","decl":{"start":{"line":13,"column":12},"end":{"line":13,"column":15}},"loc":{"start":{"line":13,"column":17},"end":{"line":20,"column":3}}},"2":{"name":"(anonymous_2)","decl":{"start":{"line":14,"column":29},"end":{"line":14,"column":32}},"loc":{"start":{"line":14,"column":34},"end":{"line":17,"column":5}}},"3":{"name":"(anonymous_3)","decl":{"start":{"line":19,"column":11},"end":{"line":19,"column":14}},"loc":{"start":{"line":19,"column":17},"end":{"line":19,"column":36}}},"4":{"name":"(anonymous_4)","decl":{"start":{"line":22,"column":24},"end":{"line":22,"column":27}},"loc":{"start":{"line":22,"column":29},"end":{"line":38,"column":3}}},"5":{"name":"(anonymous_5)","decl":{"start":{"line":64,"column":19},"end":{"line":64,"column":22}},"loc":{"start":{"line":64,"column":24},"end":{"line":67,"column":11}}}},"branchMap":{"0":{"loc":{"start":{"line":10,"column":54},"end":{"line":10,"column":69}},"type":"default-arg","locations":[{"start":{"line":10,"column":65},"end":{"line":10,"column":69}}]},"1":{"loc":{"start":{"line":23,"column":4},"end":{"line":37,"column":5}},"type":"if","locations":[{"start":{"line":23,"column":4},"end":{"line":37,"column":5}},{"start":{"line":30,"column":11},"end":{"line":37,"column":5}}]},"2":{"loc":{"start":{"line":45,"column":8},"end":{"line":45,"column":null}},"type":"cond-expr","locations":[{"start":{"line":45,"column":20},"end":{"line":45,"column":47}},{"start":{"line":45,"column":50},"end":{"line":45,"column":null}}]},"3":{"loc":{"start":{"line":57,"column":13},"end":{"line":57,"column":43}},"type":"cond-expr","locations":[{"start":{"line":57,"column":32},"end":{"line":57,"column":36}},{"start":{"line":57,"column":39},"end":{"line":57,"column":43}}]}},"s":{"0":2,"1":2,"2":5,"3":5,"4":5,"5":0,"6":0,"7":5,"8":5,"9":5,"10":5,"11":5,"12":0,"13":5,"14":5,"15":0,"16":0,"17":2},"f":{"0":5,"1":5,"2":0,"3":5,"4":5,"5":0},"b":{"0":[5],"1":[5,0],"2":[5,0],"3":[5,0]}}
,"D:\\Qoder\\Demo-pg\\handle\\handle-wordle\\src\\useGame.ts": {"path":"D:\\Qoder\\Demo-pg\\handle\\handle-wordle\\src\\useGame.ts","statementMap":{"0":{"start":{"line":144,"column":0},"end":{"line":144,"column":16}},"1":{"start":{"line":1,"column":0},"end":{"line":1,"column":57}},"2":{"start":{"line":3,"column":0},"end":{"line":3,"column":37}},"3":{"start":{"line":4,"column":0},"end":{"line":4,"column":70}},"4":{"start":{"line":6,"column":21},"end":{"line":6,"column":23}},"5":{"start":{"line":7,"column":20},"end":{"line":7,"column":21}},"6":{"start":{"line":11,"column":2},"end":{"line":18,"column":4}},"7":{"start":{"line":23,"column":2},"end":{"line":23,"column":60}},"8":{"start":{"line":28,"column":29},"end":{"line":28,"column":31}},"9":{"start":{"line":29,"column":24},"end":{"line":29,"column":55}},"10":{"start":{"line":30,"column":23},"end":{"line":30,"column":53}},"11":{"start":{"line":33,"column":44},"end":{"line":33,"column":46}},"12":{"start":{"line":34,"column":47},"end":{"line":34,"column":49}},"13":{"start":{"line":35,"column":45},"end":{"line":35,"column":47}},"14":{"start":{"line":36,"column":44},"end":{"line":36,"column":46}},"15":{"start":{"line":38,"column":2},"end":{"line":44,"column":5}},"16":{"start":{"line":39,"column":15},"end":{"line":39,"column":31}},"17":{"start":{"line":40,"column":4},"end":{"line":40,"column":49}},"18":{"start":{"line":41,"column":4},"end":{"line":41,"column":67}},"19":{"start":{"line":42,"column":4},"end":{"line":42,"column":59}},"20":{"start":{"line":43,"column":4},"end":{"line":43,"column":55}},"21":{"start":{"line":47,"column":34},"end":{"line":47,"column":36}},"22":{"start":{"line":48,"column":37},"end":{"line":48,"column":39}},"23":{"start":{"line":49,"column":35},"end":{"line":49,"column":37}},"24":{"start":{"line":50,"column":34},"end":{"line":50,"column":36}},"25":{"start":{"line":52,"column":2},"end":{"line":89,"column":3}},"26":{"start":{"line":52,"column":15},"end":{"line":52,"column":16}},"27":{"start":{"line":53,"column":22},"end":{"line":53,"column":30}},"28":{"start":{"line":54,"column":20},"end":{"line":54,"column":35}},"29":{"start":{"line":55,"column":23},"end":{"line":55,"column":32}},"30":{"start":{"line":56,"column":21},"end":{"line":56,"column":37}},"31":{"start":{"line":59,"column":4},"end":{"line":64,"column":5}},"32":{"start":{"line":60,"column":6},"end":{"line":60,"column":32}},"33":{"start":{"line":61,"column":6},"end":{"line":61,"column":29}},"34":{"start":{"line":63,"column":6},"end":{"line":63,"column":31}},"35":{"start":{"line":67,"column":4},"end":{"line":72,"column":5}},"36":{"start":{"line":68,"column":6},"end":{"line":68,"column":35}},"37":{"start":{"line":69,"column":6},"end":{"line":69,"column":38}},"38":{"start":{"line":71,"column":6},"end":{"line":71,"column":34}},"39":{"start":{"line":75,"column":4},"end":{"line":80,"column":5}},"40":{"start":{"line":76,"column":6},"end":{"line":76,"column":33}},"41":{"start":{"line":77,"column":6},"end":{"line":77,"column":34}},"42":{"start":{"line":79,"column":6},"end":{"line":79,"column":32}},"43":{"start":{"line":83,"column":4},"end":{"line":88,"column":5}},"44":{"start":{"line":84,"column":6},"end":{"line":84,"column":32}},"45":{"start":{"line":85,"column":6},"end":{"line":85,"column":32}},"46":{"start":{"line":87,"column":6},"end":{"line":87,"column":31}},"47":{"start":{"line":92,"column":2},"end":{"line":127,"column":3}},"48":{"start":{"line":92,"column":15},"end":{"line":92,"column":16}},"49":{"start":{"line":93,"column":22},"end":{"line":93,"column":30}},"50":{"start":{"line":94,"column":20},"end":{"line":94,"column":35}},"51":{"start":{"line":97,"column":4},"end":{"line":102,"column":5}},"52":{"start":{"line":98,"column":6},"end":{"line":101,"column":7}},"53":{"start":{"line":99,"column":8},"end":{"line":99,"column":34}},"54":{"start":{"line":100,"column":8},"end":{"line":100,"column":31}},"55":{"start":{"line":105,"column":4},"end":{"line":110,"column":5}},"56":{"start":{"line":106,"column":6},"end":{"line":109,"column":7}},"57":{"start":{"line":107,"column":8},"end":{"line":107,"column":37}},"58":{"start":{"line":108,"column":8},"end":{"line":108,"column":40}},"59":{"start":{"line":113,"column":4},"end":{"line":118,"column":5}},"60":{"start":{"line":114,"column":6},"end":{"line":117,"column":7}},"61":{"start":{"line":115,"column":8},"end":{"line":115,"column":35}},"62":{"start":{"line":116,"column":8},"end":{"line":116,"column":36}},"63":{"start":{"line":121,"column":4},"end":{"line":126,"column":5}},"64":{"start":{"line":122,"column":6},"end":{"line":125,"column":7}},"65":{"start":{"line":123,"column":8},"end":{"line":123,"column":34}},"66":{"start":{"line":124,"column":8},"end":{"line":124,"column":34}},"67":{"start":{"line":130,"column":2},"end":{"line":139,"column":3}},"68":{"start":{"line":130,"column":15},"end":{"line":130,"column":16}},"69":{"start":{"line":131,"column":4},"end":{"line":138,"column":7}},"70":{"start":{"line":141,"column":2},"end":{"line":141,"column":16}},"71":{"start":{"line":145,"column":30},"end":{"line":145,"column":50}},"72":{"start":{"line":146,"column":26},"end":{"line":146,"column":52}},"73":{"start":{"line":147,"column":42},"end":{"line":147,"column":54}},"74":{"start":{"line":148,"column":36},"end":{"line":148,"column":66}},"75":{"start":{"line":149,"column":32},"end":{"line":149,"column":44}},"76":{"start":{"line":150,"column":34},"end":{"line":150,"column":63}},"77":{"start":{"line":153,"column":2},"end":{"line":155,"column":9}},"78":{"start":{"line":154,"column":4},"end":{"line":154,"column":15}},"79":{"start":{"line":157,"column":19},"end":{"line":166,"column":8}},"80":{"start":{"line":158,"column":23},"end":{"line":158,"column":38}},"81":{"start":{"line":159,"column":4},"end":{"line":159,"column":26}},"82":{"start":{"line":161,"column":4},"end":{"line":161,"column":32}},"83":{"start":{"line":162,"column":4},"end":{"line":162,"column":24}},"84":{"start":{"line":163,"column":4},"end":{"line":163,"column":28}},"85":{"start":{"line":164,"column":4},"end":{"line":164,"column":19}},"86":{"start":{"line":165,"column":4},"end":{"line":165,"column":22}},"87":{"start":{"line":169,"column":20},"end":{"line":176,"column":8}},"88":{"start":{"line":171,"column":4},"end":{"line":171,"column":32}},"89":{"start":{"line":172,"column":4},"end":{"line":172,"column":24}},"90":{"start":{"line":173,"column":4},"end":{"line":173,"column":28}},"91":{"start":{"line":174,"column":4},"end":{"line":174,"column":19}},"92":{"start":{"line":175,"column":4},"end":{"line":175,"column":22}},"93":{"start":{"line":179,"column":21},"end":{"line":188,"column":8}},"94":{"start":{"line":180,"column":24},"end":{"line":180,"column":40}},"95":{"start":{"line":181,"column":4},"end":{"line":181,"column":27}},"96":{"start":{"line":183,"column":4},"end":{"line":183,"column":32}},"97":{"start":{"line":184,"column":4},"end":{"line":184,"column":24}},"98":{"start":{"line":185,"column":4},"end":{"line":185,"column":28}},"99":{"start":{"line":186,"column":4},"end":{"line":186,"column":19}},"100":{"start":{"line":187,"column":4},"end":{"line":187,"column":22}},"101":{"start":{"line":191,"column":22},"end":{"line":199,"column":17}},"102":{"start":{"line":192,"column":4},"end":{"line":192,"column":40}},"103":{"start":{"line":192,"column":33},"end":{"line":192,"column":40}},"104":{"start":{"line":193,"column":4},"end":{"line":198,"column":7}},"105":{"start":{"line":194,"column":6},"end":{"line":196,"column":7}},"106":{"start":{"line":195,"column":8},"end":{"line":195,"column":27}},"107":{"start":{"line":197,"column":6},"end":{"line":197,"column":18}},"108":{"start":{"line":202,"column":23},"end":{"line":205,"column":17}},"109":{"start":{"line":203,"column":4},"end":{"line":203,"column":40}},"110":{"start":{"line":203,"column":33},"end":{"line":203,"column":40}},"111":{"start":{"line":204,"column":4},"end":{"line":204,"column":47}},"112":{"start":{"line":204,"column":28},"end":{"line":204,"column":45}},"113":{"start":{"line":208,"column":23},"end":{"line":248,"column":52}},"114":{"start":{"line":209,"column":4},"end":{"line":209,"column":40}},"115":{"start":{"line":209,"column":33},"end":{"line":209,"column":40}},"116":{"start":{"line":210,"column":4},"end":{"line":215,"column":5}},"117":{"start":{"line":211,"column":6},"end":{"line":211,"column":27}},"118":{"start":{"line":212,"column":6},"end":{"line":212,"column":35}},"119":{"start":{"line":213,"column":6},"end":{"line":213,"column":47}},"120":{"start":{"line":213,"column":23},"end":{"line":213,"column":40}},"121":{"start":{"line":214,"column":6},"end":{"line":214,"column":13}},"122":{"start":{"line":217,"column":4},"end":{"line":222,"column":5}},"123":{"start":{"line":218,"column":6},"end":{"line":218,"column":31}},"124":{"start":{"line":219,"column":6},"end":{"line":219,"column":35}},"125":{"start":{"line":220,"column":6},"end":{"line":220,"column":47}},"126":{"start":{"line":220,"column":23},"end":{"line":220,"column":40}},"127":{"start":{"line":221,"column":6},"end":{"line":221,"column":13}},"128":{"start":{"line":224,"column":19},"end":{"line":224,"column":51}},"129":{"start":{"line":226,"column":4},"end":{"line":234,"column":7}},"130":{"start":{"line":227,"column":22},"end":{"line":227,"column":31}},"131":{"start":{"line":228,"column":6},"end":{"line":228,"column":43}},"132":{"start":{"line":230,"column":6},"end":{"line":232,"column":7}},"133":{"start":{"line":231,"column":8},"end":{"line":231,"column":39}},"134":{"start":{"line":233,"column":6},"end":{"line":233,"column":21}},"135":{"start":{"line":237,"column":18},"end":{"line":237,"column":68}},"136":{"start":{"line":237,"column":39},"end":{"line":237,"column":67}},"137":{"start":{"line":239,"column":4},"end":{"line":247,"column":5}},"138":{"start":{"line":240,"column":6},"end":{"line":240,"column":26}},"139":{"start":{"line":241,"column":6},"end":{"line":241,"column":29}},"140":{"start":{"line":242,"column":11},"end":{"line":247,"column":5}},"141":{"start":{"line":243,"column":6},"end":{"line":243,"column":27}},"142":{"start":{"line":244,"column":6},"end":{"line":244,"column":39}},"143":{"start":{"line":246,"column":6},"end":{"line":246,"column":26}},"144":{"start":{"line":252,"column":2},"end":{"line":266,"column":4}}},"fnMap":{"0":{"name":"createEmptyCell","decl":{"start":{"line":10,"column":9},"end":{"line":10,"column":24}},"loc":{"start":{"line":10,"column":24},"end":{"line":19,"column":1}}},"1":{"name":"createEmptyRow","decl":{"start":{"line":22,"column":9},"end":{"line":22,"column":23}},"loc":{"start":{"line":22,"column":23},"end":{"line":24,"column":1}}},"2":{"name":"checkGuess","decl":{"start":{"line":27,"column":9},"end":{"line":27,"column":19}},"loc":{"start":{"line":27,"column":49},"end":{"line":142,"column":1}}},"3":{"name":"(anonymous_3)","decl":{"start":{"line":38,"column":27},"end":{"line":38,"column":28}},"loc":{"start":{"line":38,"column":39},"end":{"line":44,"column":3}}},"4":{"name":"useGame","decl":{"start":{"line":144,"column":16},"end":{"line":144,"column":23}},"loc":{"start":{"line":144,"column":23},"end":{"line":267,"column":1}}},"5":{"name":"(anonymous_5)","decl":{"start":{"line":153,"column":12},"end":{"line":153,"column":15}},"loc":{"start":{"line":153,"column":17},"end":{"line":155,"column":3}}},"6":{"name":"(anonymous_6)","decl":{"start":{"line":157,"column":31},"end":{"line":157,"column":34}},"loc":{"start":{"line":157,"column":36},"end":{"line":166,"column":3}}},"7":{"name":"(anonymous_7)","decl":{"start":{"line":169,"column":32},"end":{"line":169,"column":35}},"loc":{"start":{"line":169,"column":37},"end":{"line":176,"column":3}}},"8":{"name":"(anonymous_8)","decl":{"start":{"line":179,"column":33},"end":{"line":179,"column":36}},"loc":{"start":{"line":179,"column":38},"end":{"line":188,"column":3}}},"9":{"name":"(anonymous_9)","decl":{"start":{"line":191,"column":34},"end":{"line":191,"column":35}},"loc":{"start":{"line":191,"column":51},"end":{"line":199,"column":3}}},"10":{"name":"(anonymous_10)","decl":{"start":{"line":193,"column":20},"end":{"line":193,"column":24}},"loc":{"start":{"line":193,"column":27},"end":{"line":198,"column":5}}},"11":{"name":"(anonymous_11)","decl":{"start":{"line":202,"column":35},"end":{"line":202,"column":38}},"loc":{"start":{"line":202,"column":40},"end":{"line":205,"column":3}}},"12":{"name":"(anonymous_12)","decl":{"start":{"line":204,"column":20},"end":{"line":204,"column":24}},"loc":{"start":{"line":204,"column":28},"end":{"line":204,"column":45}}},"13":{"name":"(anonymous_13)","decl":{"start":{"line":208,"column":35},"end":{"line":208,"column":38}},"loc":{"start":{"line":208,"column":40},"end":{"line":248,"column":3}}},"14":{"name":"(anonymous_14)","decl":{"start":{"line":213,"column":17},"end":{"line":213,"column":20}},"loc":{"start":{"line":213,"column":23},"end":{"line":213,"column":40}}},"15":{"name":"(anonymous_15)","decl":{"start":{"line":220,"column":17},"end":{"line":220,"column":20}},"loc":{"start":{"line":220,"column":23},"end":{"line":220,"column":40}}},"16":{"name":"(anonymous_16)","decl":{"start":{"line":226,"column":12},"end":{"line":226,"column":16}},"loc":{"start":{"line":226,"column":19},"end":{"line":234,"column":5}}},"17":{"name":"(anonymous_17)","decl":{"start":{"line":237,"column":31},"end":{"line":237,"column":35}},"loc":{"start":{"line":237,"column":39},"end":{"line":237,"column":67}}}},"branchMap":{"0":{"loc":{"start":{"line":40,"column":23},"end":{"line":40,"column":43}},"type":"binary-expr","locations":[{"start":{"line":40,"column":23},"end":{"line":40,"column":38}},{"start":{"line":40,"column":42},"end":{"line":40,"column":43}}]},"1":{"loc":{"start":{"line":41,"column":32},"end":{"line":41,"column":61}},"type":"binary-expr","locations":[{"start":{"line":41,"column":32},"end":{"line":41,"column":56}},{"start":{"line":41,"column":60},"end":{"line":41,"column":61}}]},"2":{"loc":{"start":{"line":42,"column":28},"end":{"line":42,"column":53}},"type":"binary-expr","locations":[{"start":{"line":42,"column":28},"end":{"line":42,"column":48}},{"start":{"line":42,"column":52},"end":{"line":42,"column":53}}]},"3":{"loc":{"start":{"line":43,"column":26},"end":{"line":43,"column":49}},"type":"binary-expr","locations":[{"start":{"line":43,"column":26},"end":{"line":43,"column":44}},{"start":{"line":43,"column":48},"end":{"line":43,"column":49}}]},"4":{"loc":{"start":{"line":59,"column":4},"end":{"line":64,"column":5}},"type":"if","locations":[{"start":{"line":59,"column":4},"end":{"line":64,"column":5}},{"start":{"line":62,"column":11},"end":{"line":64,"column":5}}]},"5":{"loc":{"start":{"line":67,"column":4},"end":{"line":72,"column":5}},"type":"if","locations":[{"start":{"line":67,"column":4},"end":{"line":72,"column":5}},{"start":{"line":70,"column":11},"end":{"line":72,"column":5}}]},"6":{"loc":{"start":{"line":75,"column":4},"end":{"line":80,"column":5}},"type":"if","locations":[{"start":{"line":75,"column":4},"end":{"line":80,"column":5}},{"start":{"line":78,"column":11},"end":{"line":80,"column":5}}]},"7":{"loc":{"start":{"line":83,"column":4},"end":{"line":88,"column":5}},"type":"if","locations":[{"start":{"line":83,"column":4},"end":{"line":88,"column":5}},{"start":{"line":86,"column":11},"end":{"line":88,"column":5}}]},"8":{"loc":{"start":{"line":97,"column":4},"end":{"line":102,"column":5}},"type":"if","locations":[{"start":{"line":97,"column":4},"end":{"line":102,"column":5}}]},"9":{"loc":{"start":{"line":98,"column":6},"end":{"line":101,"column":7}},"type":"if","locations":[{"start":{"line":98,"column":6},"end":{"line":101,"column":7}}]},"10":{"loc":{"start":{"line":105,"column":4},"end":{"line":110,"column":5}},"type":"if","locations":[{"start":{"line":105,"column":4},"end":{"line":110,"column":5}}]},"11":{"loc":{"start":{"line":106,"column":6},"end":{"line":109,"column":7}},"type":"if","locations":[{"start":{"line":106,"column":6},"end":{"line":109,"column":7}}]},"12":{"loc":{"start":{"line":113,"column":4},"end":{"line":118,"column":5}},"type":"if","locations":[{"start":{"line":113,"column":4},"end":{"line":118,"column":5}}]},"13":{"loc":{"start":{"line":114,"column":6},"end":{"line":117,"column":7}},"type":"if","locations":[{"start":{"line":114,"column":6},"end":{"line":117,"column":7}}]},"14":{"loc":{"start":{"line":121,"column":4},"end":{"line":126,"column":5}},"type":"if","locations":[{"start":{"line":121,"column":4},"end":{"line":126,"column":5}}]},"15":{"loc":{"start":{"line":122,"column":6},"end":{"line":125,"column":7}},"type":"if","locations":[{"start":{"line":122,"column":6},"end":{"line":125,"column":7}}]},"16":{"loc":{"start":{"line":192,"column":4},"end":{"line":192,"column":40}},"type":"if","locations":[{"start":{"line":192,"column":4},"end":{"line":192,"column":40}}]},"17":{"loc":{"start":{"line":194,"column":6},"end":{"line":196,"column":7}},"type":"if","locations":[{"start":{"line":194,"column":6},"end":{"line":196,"column":7}}]},"18":{"loc":{"start":{"line":203,"column":4},"end":{"line":203,"column":40}},"type":"if","locations":[{"start":{"line":203,"column":4},"end":{"line":203,"column":40}}]},"19":{"loc":{"start":{"line":209,"column":4},"end":{"line":209,"column":40}},"type":"if","locations":[{"start":{"line":209,"column":4},"end":{"line":209,"column":40}}]},"20":{"loc":{"start":{"line":210,"column":4},"end":{"line":215,"column":5}},"type":"if","locations":[{"start":{"line":210,"column":4},"end":{"line":215,"column":5}}]},"21":{"loc":{"start":{"line":217,"column":4},"end":{"line":222,"column":5}},"type":"if","locations":[{"start":{"line":217,"column":4},"end":{"line":222,"column":5}}]},"22":{"loc":{"start":{"line":230,"column":6},"end":{"line":232,"column":7}},"type":"if","locations":[{"start":{"line":230,"column":6},"end":{"line":232,"column":7}}]},"23":{"loc":{"start":{"line":239,"column":4},"end":{"line":247,"column":5}},"type":"if","locations":[{"start":{"line":239,"column":4},"end":{"line":247,"column":5}},{"start":{"line":242,"column":11},"end":{"line":247,"column":5}}]},"24":{"loc":{"start":{"line":242,"column":11},"end":{"line":247,"column":5}},"type":"if","locations":[{"start":{"line":242,"column":11},"end":{"line":247,"column":5}},{"start":{"line":245,"column":11},"end":{"line":247,"column":5}}]}},"s":{"0":1,"1":1,"2":1,"3":1,"4":1,"5":1,"6":108,"7":27,"8":14,"9":14,"10":14,"11":14,"12":14,"13":14,"14":14,"15":14,"16":56,"17":56,"18":56,"19":56,"20":56,"21":14,"22":14,"23":14,"24":14,"25":14,"26":14,"27":56,"28":56,"29":56,"30":56,"31":56,"32":8,"33":8,"34":48,"35":56,"36":8,"37":8,"38":48,"39":56,"40":8,"41":8,"42":48,"43":56,"44":20,"45":20,"46":36,"47":14,"48":14,"49":56,"50":56,"51":56,"52":48,"53":0,"54":0,"55":56,"56":48,"57":0,"58":0,"59":56,"60":48,"61":0,"62":0,"63":56,"64":36,"65":0,"66":0,"67":14,"68":14,"69":56,"70":14,"71":94,"72":94,"73":94,"74":94,"75":94,"76":94,"77":94,"78":12,"79":94,"80":12,"81":12,"82":12,"83":12,"84":12,"85":12,"86":12,"87":94,"88":1,"89":1,"90":1,"91":1,"92":1,"93":94,"94":1,"95":1,"96":1,"97":1,"98":1,"99":1,"100":1,"101":94,"102":10,"103":1,"104":9,"105":9,"106":8,"107":1,"108":94,"109":3,"110":1,"111":2,"112":2,"113":94,"114":17,"115":1,"116":16,"117":1,"118":1,"119":1,"120":0,"121":1,"122":15,"123":1,"124":1,"125":1,"126":0,"127":1,"128":14,"129":14,"130":14,"131":14,"132":14,"133":13,"134":14,"135":14,"136":20,"137":14,"138":2,"139":2,"140":12,"141":1,"142":1,"143":11,"144":94},"f":{"0":108,"1":27,"2":14,"3":56,"4":94,"5":12,"6":12,"7":1,"8":1,"9":10,"10":9,"11":3,"12":2,"13":17,"14":0,"15":0,"16":14,"17":20},"b":{"0":[56,28],"1":[56,28],"2":[56,28],"3":[56,14],"4":[8,48],"5":[8,48],"6":[8,48],"7":[20,36],"8":[48],"9":[0],"10":[48],"11":[0],"12":[48],"13":[0],"14":[36],"15":[0],"16":[1],"17":[8],"18":[1],"19":[1],"20":[1],"21":[1],"22":[13],"23":[2,12],"24":[1,11]}}
}
