TN:
SF:src\App.tsx
FN:10,App
FN:32,(anonymous_1)
FN:42,(anonymous_2)
FN:48,(anonymous_3)
FN:85,(anonymous_4)
FN:90,(anonymous_5)
FN:103,(anonymous_6)
FN:114,(anonymous_7)
FN:115,(anonymous_8)
FN:123,(anonymous_9)
FN:132,(anonymous_10)
FN:138,(anonymous_11)
FN:152,(anonymous_12)
FN:159,(anonymous_13)
FN:177,(anonymous_14)
FN:189,(anonymous_15)
FN:197,(anonymous_16)
FN:202,(anonymous_17)
FN:209,(anonymous_18)
FN:214,(anonymous_19)
FN:220,(anonymous_20)
FN:235,(anonymous_21)
FN:263,(anonymous_22)
FN:273,(anonymous_23)
FN:310,(anonymous_24)
FN:316,(anonymous_25)
FN:329,(anonymous_26)
FN:351,(anonymous_27)
FN:352,(anonymous_28)
FN:360,(anonymous_29)
FN:410,(anonymous_30)
FN:415,(anonymous_31)
FN:431,(anonymous_32)
FN:485,(anonymous_33)
FN:489,(anonymous_34)
FN:495,(anonymous_35)
FN:508,(anonymous_36)
FN:520,(anonymous_37)
FN:532,(anonymous_38)
FN:546,(anonymous_39)
FN:565,(anonymous_40)
FN:569,(anonymous_41)
FN:575,(anonymous_42)
FN:595,(anonymous_43)
FN:608,(anonymous_44)
FN:612,(anonymous_45)
FN:618,(anonymous_46)
FN:628,(anonymous_47)
FN:648,(anonymous_48)
FN:673,(anonymous_49)
FN:691,(anonymous_50)
FNF:51
FNH:31
FNDA:35,App
FNDA:0,(anonymous_1)
FNDA:4,(anonymous_2)
FNDA:4,(anonymous_3)
FNDA:5,(anonymous_4)
FNDA:6,(anonymous_5)
FNDA:4,(anonymous_6)
FNDA:19,(anonymous_7)
FNDA:19,(anonymous_8)
FNDA:0,(anonymous_9)
FNDA:0,(anonymous_10)
FNDA:0,(anonymous_11)
FNDA:0,(anonymous_12)
FNDA:1,(anonymous_13)
FNDA:0,(anonymous_14)
FNDA:13,(anonymous_15)
FNDA:0,(anonymous_16)
FNDA:0,(anonymous_17)
FNDA:0,(anonymous_18)
FNDA:0,(anonymous_19)
FNDA:0,(anonymous_20)
FNDA:94,(anonymous_21)
FNDA:3,(anonymous_22)
FNDA:3,(anonymous_23)
FNDA:2,(anonymous_24)
FNDA:3,(anonymous_25)
FNDA:2,(anonymous_26)
FNDA:0,(anonymous_27)
FNDA:0,(anonymous_28)
FNDA:1,(anonymous_29)
FNDA:0,(anonymous_30)
FNDA:0,(anonymous_31)
FNDA:0,(anonymous_32)
FNDA:0,(anonymous_33)
FNDA:1,(anonymous_34)
FNDA:1,(anonymous_35)
FNDA:8,(anonymous_36)
FNDA:8,(anonymous_37)
FNDA:8,(anonymous_38)
FNDA:8,(anonymous_39)
FNDA:0,(anonymous_40)
FNDA:2,(anonymous_41)
FNDA:1,(anonymous_42)
FNDA:1,(anonymous_43)
FNDA:0,(anonymous_44)
FNDA:1,(anonymous_45)
FNDA:1,(anonymous_46)
FNDA:46,(anonymous_47)
FNDA:48,(anonymous_48)
FNDA:8,(anonymous_49)
FNDA:0,(anonymous_50)
DA:1,2
DA:2,2
DA:3,2
DA:4,2
DA:5,2
DA:7,2
DA:8,2
DA:22,35
DA:24,35
DA:25,35
DA:26,35
DA:27,35
DA:28,35
DA:29,35
DA:30,35
DA:32,35
DA:33,0
DA:34,0
DA:35,0
DA:36,0
DA:37,0
DA:38,0
DA:42,35
DA:44,4
DA:48,35
DA:50,4
DA:51,2
DA:58,2
DA:59,1
DA:66,1
DA:67,1
DA:74,0
DA:75,0
DA:81,0
DA:85,35
DA:86,5
DA:90,35
DA:91,6
DA:92,6
DA:95,6
DA:98,6
DA:99,0
DA:103,6
DA:104,4
DA:105,4
DA:106,4
DA:110,6
DA:114,35
DA:115,19
DA:116,19
DA:117,6
DA:123,35
DA:125,0
DA:126,0
DA:127,0
DA:128,0
DA:129,0
DA:132,0
DA:133,0
DA:138,35
DA:139,0
DA:140,0
DA:141,0
DA:143,0
DA:144,0
DA:146,0
DA:149,0
DA:151,0
DA:152,0
DA:154,0
DA:159,35
DA:160,1
DA:161,1
DA:163,1
DA:164,1
DA:167,0
DA:169,0
DA:170,0
DA:171,0
DA:174,0
DA:177,0
DA:178,0
DA:179,0
DA:183,0
DA:189,35
DA:190,13
DA:193,0
DA:195,0
DA:197,0
DA:198,0
DA:199,0
DA:202,0
DA:203,0
DA:207,0
DA:209,0
DA:210,0
DA:211,0
DA:214,0
DA:215,0
DA:220,0
DA:221,0
DA:222,0
DA:228,35
DA:229,35
DA:230,35
DA:231,35
DA:232,35
DA:233,35
DA:235,35
DA:237,94
DA:238,0
DA:239,0
DA:240,0
DA:241,0
DA:242,0
DA:243,0
DA:249,94
DA:250,0
DA:251,0
DA:252,0
DA:253,0
DA:254,0
DA:255,0
DA:260,94
DA:263,35
DA:264,3
DA:265,3
DA:266,3
DA:267,3
DA:268,3
DA:269,3
DA:270,3
DA:273,35
DA:274,3
DA:275,3
DA:276,3
DA:277,3
DA:278,3
DA:279,3
DA:280,6
DA:281,6
DA:282,3
DA:283,3
DA:284,3
DA:287,3
DA:288,3
DA:289,3
DA:290,0
DA:291,3
DA:292,0
DA:293,0
DA:294,0
DA:296,0
DA:297,0
DA:299,3
DA:300,3
DA:303,35
DA:310,2
DA:317,3
DA:318,3
DA:319,3
DA:320,3
DA:322,3
DA:329,2
DA:351,0
DA:353,0
DA:355,0
DA:356,0
DA:357,0
DA:361,1
DA:362,1
DA:363,1
DA:411,0
DA:416,0
DA:432,0
DA:485,0
DA:489,1
DA:495,1
DA:509,8
DA:521,8
DA:533,8
DA:547,8
DA:565,0
DA:569,2
DA:575,1
DA:595,1
DA:608,0
DA:612,1
DA:618,1
DA:629,46
DA:630,46
DA:631,46
DA:632,46
DA:633,46
DA:649,48
DA:650,48
DA:651,48
DA:652,48
DA:653,48
DA:674,8
DA:691,0
DA:699,2
LF:202
LH:120
BRDA:50,0,0,2
BRDA:58,1,0,1
BRDA:66,2,0,1
BRDA:74,3,0,0
BRDA:95,4,0,0
BRDA:98,5,0,0
BRDA:105,6,0,4
BRDA:116,7,0,6
BRDA:141,8,0,0
BRDA:141,8,1,0
BRDA:144,9,0,0
BRDA:144,9,1,0
BRDA:160,10,0,1
BRDA:161,11,0,1
BRDA:167,12,0,0
BRDA:167,12,1,0
BRDA:190,13,0,0
BRDA:190,14,0,13
BRDA:190,14,1,13
BRDA:193,15,0,0
BRDA:193,15,1,0
BRDA:221,16,0,0
BRDA:240,17,0,0
BRDA:240,17,1,0
BRDA:240,18,0,0
BRDA:240,18,1,0
BRDA:240,18,2,0
BRDA:242,19,0,0
BRDA:242,20,0,0
BRDA:242,20,1,0
BRDA:242,20,2,0
BRDA:252,21,0,0
BRDA:252,21,1,0
BRDA:252,22,0,0
BRDA:252,22,1,0
BRDA:252,22,2,0
BRDA:254,23,0,0
BRDA:254,24,0,0
BRDA:254,24,1,0
BRDA:254,24,2,0
BRDA:274,25,0,0
BRDA:281,26,0,3
BRDA:287,27,0,0
BRDA:289,28,0,0
BRDA:289,28,1,3
BRDA:289,28,2,0
BRDA:289,28,3,0
BRDA:289,28,4,0
BRDA:289,28,5,0
BRDA:289,28,6,0
BRDA:289,28,7,0
BRDA:317,29,0,3
BRDA:356,30,0,0
BRDA:361,31,0,1
BRDA:413,32,0,0
BRDA:413,32,1,0
BRDA:413,33,0,0
BRDA:413,33,1,0
BRDA:413,34,0,0
BRDA:413,34,1,0
BRDA:422,35,0,35
BRDA:422,35,1,0
BRDA:423,36,0,0
BRDA:423,36,1,0
BRDA:429,37,0,35
BRDA:429,37,1,0
BRDA:454,38,0,35
BRDA:454,38,1,0
BRDA:460,39,0,35
BRDA:460,39,1,0
BRDA:483,40,0,35
BRDA:483,40,1,2
BRDA:521,41,0,2
BRDA:521,41,1,6
BRDA:563,42,0,35
BRDA:563,42,1,4
BRDA:583,43,0,3
BRDA:583,43,1,1
BRDA:586,44,0,4
BRDA:586,44,1,0
BRDA:587,45,0,1
BRDA:587,45,1,3
BRDA:588,46,0,1
BRDA:588,46,1,0
BRDA:593,47,0,4
BRDA:593,47,1,3
BRDA:606,48,0,35
BRDA:606,48,1,2
BRDA:631,49,0,0
BRDA:632,50,0,0
BRDA:651,51,0,0
BRDA:652,52,0,0
BRDA:687,53,0,35
BRDA:687,53,1,5
BRF:94
BRH:35
end_of_record
TN:
SF:src\Cell.tsx
FN:9,Cell
FN:13,(anonymous_1)
FN:27,(anonymous_2)
FN:35,(anonymous_3)
FN:71,(anonymous_4)
FNF:5
FNH:5
FNDA:5,Cell
FNDA:5,(anonymous_1)
FNDA:5,(anonymous_2)
FNDA:8,(anonymous_3)
FNDA:5,(anonymous_4)
DA:9,3
DA:10,5
DA:13,5
DA:14,5
DA:16,1
DA:18,1
DA:20,2
DA:22,1
DA:27,5
DA:28,5
DA:29,4
DA:31,1
DA:35,5
DA:37,8
DA:38,2
DA:41,6
DA:42,2
DA:45,4
DA:46,4
DA:48,1
DA:50,1
DA:52,2
DA:54,0
DA:58,0
DA:60,0
DA:62,0
DA:64,0
DA:66,0
DA:71,5
DA:72,5
DA:73,1
DA:76,4
DA:77,4
DA:80,4
DA:81,4
DA:84,4
DA:85,6
DA:86,6
DA:87,4
DA:88,4
DA:89,4
DA:93,4
DA:94,0
DA:98,4
DA:99,4
DA:101,3
DA:102,3
DA:104,0
DA:105,0
DA:107,1
DA:108,1
DA:110,0
DA:111,0
DA:113,0
DA:114,0
DA:117,0
DA:118,0
DA:120,0
DA:123,4
DA:124,4
DA:128,5
DA:129,5
DA:131,5
LF:63
LH:47
BRDA:9,0,0,5
BRDA:9,1,0,5
BRDA:14,2,0,1
BRDA:14,2,1,1
BRDA:14,2,2,2
BRDA:14,2,3,1
BRDA:28,3,0,4
BRDA:28,4,0,5
BRDA:28,4,1,4
BRDA:28,4,2,3
BRDA:37,5,0,2
BRDA:41,6,0,2
BRDA:45,7,0,4
BRDA:46,8,0,1
BRDA:46,8,1,1
BRDA:46,8,2,2
BRDA:46,8,3,0
BRDA:58,9,0,0
BRDA:58,9,1,0
BRDA:58,9,2,0
BRDA:58,9,3,0
BRDA:72,10,0,1
BRDA:86,11,0,4
BRDA:93,12,0,0
BRDA:99,13,0,3
BRDA:99,13,1,0
BRDA:99,13,2,1
BRDA:99,13,3,0
BRDA:99,13,4,0
BRDA:99,13,5,0
BRDA:99,13,6,0
BRDA:99,13,7,0
BRDA:141,14,0,0
BRDA:141,14,1,5
BRDA:142,15,0,1
BRDA:142,15,1,4
BRDA:146,16,0,5
BRDA:146,16,1,5
BRDA:146,16,2,1
BRDA:146,16,3,4
BRF:40
BRH:27
end_of_record
TN:
SF:src\Toast.tsx
FN:10,(anonymous_0)
FN:13,(anonymous_1)
FN:14,(anonymous_2)
FN:19,(anonymous_3)
FN:22,(anonymous_4)
FN:64,(anonymous_5)
FNF:6
FNH:4
FNDA:5,(anonymous_0)
FNDA:5,(anonymous_1)
FNDA:0,(anonymous_2)
FNDA:5,(anonymous_3)
FNDA:5,(anonymous_4)
FNDA:0,(anonymous_5)
DA:1,2
DA:10,2
DA:11,5
DA:13,5
DA:14,5
DA:15,0
DA:16,0
DA:19,5
DA:22,5
DA:23,5
DA:24,5
DA:31,0
DA:40,5
DA:42,5
DA:65,0
DA:66,0
DA:78,2
LF:17
LH:12
BRDA:10,0,0,5
BRDA:23,1,0,5
BRDA:23,1,1,0
BRDA:45,2,0,5
BRDA:45,2,1,0
BRDA:57,3,0,5
BRDA:57,3,1,0
BRF:7
BRH:4
end_of_record
TN:
SF:src\useGame.ts
FN:10,createEmptyCell
FN:22,createEmptyRow
FN:27,checkGuess
FN:38,(anonymous_3)
FN:144,useGame
FN:153,(anonymous_5)
FN:157,(anonymous_6)
FN:169,(anonymous_7)
FN:179,(anonymous_8)
FN:191,(anonymous_9)
FN:193,(anonymous_10)
FN:202,(anonymous_11)
FN:204,(anonymous_12)
FN:208,(anonymous_13)
FN:213,(anonymous_14)
FN:220,(anonymous_15)
FN:226,(anonymous_16)
FN:237,(anonymous_17)
FNF:18
FNH:16
FNDA:108,createEmptyCell
FNDA:27,createEmptyRow
FNDA:14,checkGuess
FNDA:56,(anonymous_3)
FNDA:94,useGame
FNDA:12,(anonymous_5)
FNDA:12,(anonymous_6)
FNDA:1,(anonymous_7)
FNDA:1,(anonymous_8)
FNDA:10,(anonymous_9)
FNDA:9,(anonymous_10)
FNDA:3,(anonymous_11)
FNDA:2,(anonymous_12)
FNDA:17,(anonymous_13)
FNDA:0,(anonymous_14)
FNDA:0,(anonymous_15)
FNDA:14,(anonymous_16)
FNDA:20,(anonymous_17)
DA:1,1
DA:3,1
DA:4,1
DA:6,1
DA:7,1
DA:11,108
DA:23,27
DA:28,14
DA:29,14
DA:30,14
DA:33,14
DA:34,14
DA:35,14
DA:36,14
DA:38,14
DA:39,56
DA:40,56
DA:41,56
DA:42,56
DA:43,56
DA:47,14
DA:48,14
DA:49,14
DA:50,14
DA:52,14
DA:53,56
DA:54,56
DA:55,56
DA:56,56
DA:59,56
DA:60,8
DA:61,8
DA:63,48
DA:67,56
DA:68,8
DA:69,8
DA:71,48
DA:75,56
DA:76,8
DA:77,8
DA:79,48
DA:83,56
DA:84,20
DA:85,20
DA:87,36
DA:92,14
DA:93,56
DA:94,56
DA:97,56
DA:98,48
DA:99,0
DA:100,0
DA:105,56
DA:106,48
DA:107,0
DA:108,0
DA:113,56
DA:114,48
DA:115,0
DA:116,0
DA:121,56
DA:122,36
DA:123,0
DA:124,0
DA:130,14
DA:131,56
DA:141,14
DA:144,1
DA:145,94
DA:146,94
DA:147,94
DA:148,94
DA:149,94
DA:150,94
DA:153,94
DA:154,12
DA:157,94
DA:158,12
DA:159,12
DA:161,12
DA:162,12
DA:163,12
DA:164,12
DA:165,12
DA:169,94
DA:171,1
DA:172,1
DA:173,1
DA:174,1
DA:175,1
DA:179,94
DA:180,1
DA:181,1
DA:183,1
DA:184,1
DA:185,1
DA:186,1
DA:187,1
DA:191,94
DA:192,10
DA:193,9
DA:194,9
DA:195,8
DA:197,1
DA:202,94
DA:203,3
DA:204,2
DA:208,94
DA:209,17
DA:210,16
DA:211,1
DA:212,1
DA:213,1
DA:214,1
DA:217,15
DA:218,1
DA:219,1
DA:220,1
DA:221,1
DA:224,14
DA:226,14
DA:227,14
DA:228,14
DA:230,14
DA:231,13
DA:233,14
DA:237,20
DA:239,14
DA:240,2
DA:241,2
DA:242,12
DA:243,1
DA:244,1
DA:246,11
DA:252,94
LF:135
LH:127
BRDA:40,0,0,56
BRDA:40,0,1,28
BRDA:41,1,0,56
BRDA:41,1,1,28
BRDA:42,2,0,56
BRDA:42,2,1,28
BRDA:43,3,0,56
BRDA:43,3,1,14
BRDA:59,4,0,8
BRDA:59,4,1,48
BRDA:67,5,0,8
BRDA:67,5,1,48
BRDA:75,6,0,8
BRDA:75,6,1,48
BRDA:83,7,0,20
BRDA:83,7,1,36
BRDA:97,8,0,48
BRDA:98,9,0,0
BRDA:105,10,0,48
BRDA:106,11,0,0
BRDA:113,12,0,48
BRDA:114,13,0,0
BRDA:121,14,0,36
BRDA:122,15,0,0
BRDA:192,16,0,1
BRDA:194,17,0,8
BRDA:203,18,0,1
BRDA:209,19,0,1
BRDA:210,20,0,1
BRDA:217,21,0,1
BRDA:230,22,0,13
BRDA:239,23,0,2
BRDA:239,23,1,12
BRDA:242,24,0,1
BRDA:242,24,1,11
BRF:35
BRH:31
end_of_record
