TN:
SF:src\App.tsx
FN:10,App
FN:32,(anonymous_1)
FN:42,(anonymous_2)
FN:48,(anonymous_3)
FN:85,(anonymous_4)
FN:90,(anonymous_5)
FN:103,(anonymous_6)
FN:114,(anonymous_7)
FN:115,(anonymous_8)
FN:123,(anonymous_9)
FN:132,(anonymous_10)
FN:138,(anonymous_11)
FN:152,(anonymous_12)
FN:159,(anonymous_13)
FN:177,(anonymous_14)
FN:189,(anonymous_15)
FN:197,(anonymous_16)
FN:202,(anonymous_17)
FN:209,(anonymous_18)
FN:214,(anonymous_19)
FN:220,(anonymous_20)
FN:235,(anonymous_21)
FN:263,(anonymous_22)
FN:273,(anonymous_23)
FN:310,(anonymous_24)
FN:316,(anonymous_25)
FN:329,(anonymous_26)
FN:351,(anonymous_27)
FN:352,(anonymous_28)
FN:360,(anonymous_29)
FN:410,(anonymous_30)
FN:415,(anonymous_31)
FN:431,(anonymous_32)
FN:485,(anonymous_33)
FN:489,(anonymous_34)
FN:495,(anonymous_35)
FN:508,(anonymous_36)
FN:520,(anonymous_37)
FN:532,(anonymous_38)
FN:546,(anonymous_39)
FN:565,(anonymous_40)
FN:569,(anonymous_41)
FN:575,(anonymous_42)
FN:595,(anonymous_43)
FN:608,(anonymous_44)
FN:612,(anonymous_45)
FN:618,(anonymous_46)
FN:628,(anonymous_47)
FN:648,(anonymous_48)
FN:673,(anonymous_49)
FN:691,(anonymous_50)
FNF:51
FNH:33
FNDA:72,App
FNDA:0,(anonymous_1)
FNDA:9,(anonymous_2)
FNDA:9,(anonymous_3)
FNDA:12,(anonymous_4)
FNDA:12,(anonymous_5)
FNDA:9,(anonymous_6)
FNDA:40,(anonymous_7)
FNDA:40,(anonymous_8)
FNDA:0,(anonymous_9)
FNDA:0,(anonymous_10)
FNDA:0,(anonymous_11)
FNDA:0,(anonymous_12)
FNDA:3,(anonymous_13)
FNDA:0,(anonymous_14)
FNDA:28,(anonymous_15)
FNDA:0,(anonymous_16)
FNDA:0,(anonymous_17)
FNDA:0,(anonymous_18)
FNDA:0,(anonymous_19)
FNDA:0,(anonymous_20)
FNDA:188,(anonymous_21)
FNDA:5,(anonymous_22)
FNDA:5,(anonymous_23)
FNDA:4,(anonymous_24)
FNDA:5,(anonymous_25)
FNDA:4,(anonymous_26)
FNDA:0,(anonymous_27)
FNDA:0,(anonymous_28)
FNDA:3,(anonymous_29)
FNDA:58,(anonymous_30)
FNDA:232,(anonymous_31)
FNDA:0,(anonymous_32)
FNDA:0,(anonymous_33)
FNDA:2,(anonymous_34)
FNDA:2,(anonymous_35)
FNDA:16,(anonymous_36)
FNDA:16,(anonymous_37)
FNDA:16,(anonymous_38)
FNDA:16,(anonymous_39)
FNDA:0,(anonymous_40)
FNDA:3,(anonymous_41)
FNDA:2,(anonymous_42)
FNDA:1,(anonymous_43)
FNDA:0,(anonymous_44)
FNDA:2,(anonymous_45)
FNDA:2,(anonymous_46)
FNDA:92,(anonymous_47)
FNDA:96,(anonymous_48)
FNDA:16,(anonymous_49)
FNDA:0,(anonymous_50)
DA:1,4
DA:2,4
DA:3,4
DA:4,4
DA:5,4
DA:7,4
DA:8,4
DA:22,72
DA:24,72
DA:25,72
DA:26,72
DA:27,72
DA:28,72
DA:29,72
DA:30,72
DA:32,72
DA:33,0
DA:34,0
DA:35,0
DA:36,0
DA:37,0
DA:38,0
DA:42,72
DA:44,9
DA:48,72
DA:50,9
DA:51,4
DA:58,5
DA:59,2
DA:66,3
DA:67,2
DA:74,1
DA:75,1
DA:81,0
DA:85,72
DA:86,12
DA:90,72
DA:91,12
DA:92,12
DA:95,12
DA:98,12
DA:99,0
DA:103,12
DA:104,9
DA:105,9
DA:106,9
DA:110,12
DA:114,72
DA:115,40
DA:116,40
DA:117,12
DA:123,72
DA:125,0
DA:126,0
DA:127,0
DA:128,0
DA:129,0
DA:132,0
DA:133,0
DA:138,72
DA:139,0
DA:140,0
DA:141,0
DA:143,0
DA:144,0
DA:146,0
DA:149,0
DA:151,0
DA:152,0
DA:154,0
DA:159,72
DA:160,3
DA:161,3
DA:163,3
DA:164,3
DA:167,0
DA:169,0
DA:170,0
DA:171,0
DA:174,0
DA:177,0
DA:178,0
DA:179,0
DA:183,0
DA:189,72
DA:190,28
DA:193,0
DA:195,0
DA:197,0
DA:198,0
DA:199,0
DA:202,0
DA:203,0
DA:207,0
DA:209,0
DA:210,0
DA:211,0
DA:214,0
DA:215,0
DA:220,0
DA:221,0
DA:222,0
DA:228,72
DA:229,72
DA:230,72
DA:231,72
DA:232,72
DA:233,72
DA:235,72
DA:237,188
DA:238,184
DA:239,184
DA:240,724
DA:241,2
DA:242,722
DA:243,2
DA:249,184
DA:250,180
DA:251,180
DA:252,716
DA:253,2
DA:254,714
DA:255,0
DA:260,182
DA:263,72
DA:264,5
DA:265,5
DA:266,5
DA:267,5
DA:268,5
DA:269,5
DA:270,5
DA:273,72
DA:274,5
DA:275,5
DA:276,5
DA:277,5
DA:278,5
DA:279,5
DA:280,12
DA:281,12
DA:282,5
DA:283,5
DA:284,5
DA:287,5
DA:288,5
DA:289,5
DA:290,0
DA:291,3
DA:292,2
DA:293,0
DA:294,0
DA:296,0
DA:297,0
DA:299,5
DA:300,5
DA:303,72
DA:310,4
DA:317,5
DA:318,5
DA:319,5
DA:320,5
DA:322,5
DA:329,4
DA:351,0
DA:353,0
DA:355,0
DA:356,0
DA:357,0
DA:361,3
DA:362,3
DA:363,3
DA:411,58
DA:416,232
DA:432,0
DA:485,0
DA:489,2
DA:495,2
DA:509,16
DA:521,16
DA:533,16
DA:547,16
DA:565,0
DA:569,3
DA:575,2
DA:595,1
DA:608,0
DA:612,2
DA:618,2
DA:629,92
DA:630,92
DA:631,92
DA:632,92
DA:633,92
DA:649,96
DA:650,96
DA:651,96
DA:652,96
DA:653,96
DA:674,16
DA:691,0
DA:699,4
LF:202
LH:136
BRDA:50,0,0,4
BRDA:58,1,0,2
BRDA:66,2,0,2
BRDA:74,3,0,1
BRDA:95,4,0,0
BRDA:98,5,0,0
BRDA:105,6,0,9
BRDA:116,7,0,12
BRDA:141,8,0,0
BRDA:141,8,1,0
BRDA:144,9,0,0
BRDA:144,9,1,0
BRDA:160,10,0,3
BRDA:161,11,0,3
BRDA:167,12,0,0
BRDA:167,12,1,0
BRDA:190,13,0,0
BRDA:190,14,0,28
BRDA:190,14,1,28
BRDA:193,15,0,0
BRDA:193,15,1,0
BRDA:221,16,0,0
BRDA:240,17,0,2
BRDA:240,17,1,722
BRDA:240,18,0,724
BRDA:240,18,1,354
BRDA:240,18,2,6
BRDA:242,19,0,2
BRDA:242,20,0,722
BRDA:242,20,1,370
BRDA:242,20,2,2
BRDA:252,21,0,2
BRDA:252,21,1,714
BRDA:252,22,0,716
BRDA:252,22,1,348
BRDA:252,22,2,2
BRDA:254,23,0,0
BRDA:254,24,0,714
BRDA:254,24,1,368
BRDA:254,24,2,0
BRDA:274,25,0,0
BRDA:281,26,0,5
BRDA:287,27,0,0
BRDA:289,28,0,0
BRDA:289,28,1,3
BRDA:289,28,2,2
BRDA:289,28,3,0
BRDA:289,28,4,0
BRDA:289,28,5,0
BRDA:289,28,6,0
BRDA:289,28,7,0
BRDA:317,29,0,5
BRDA:356,30,0,0
BRDA:361,31,0,3
BRDA:413,32,0,0
BRDA:413,32,1,58
BRDA:413,33,0,0
BRDA:413,33,1,58
BRDA:413,34,0,58
BRDA:413,34,1,0
BRDA:422,35,0,72
BRDA:422,35,1,0
BRDA:423,36,0,0
BRDA:423,36,1,0
BRDA:429,37,0,72
BRDA:429,37,1,0
BRDA:454,38,0,72
BRDA:454,38,1,0
BRDA:460,39,0,72
BRDA:460,39,1,0
BRDA:483,40,0,72
BRDA:483,40,1,4
BRDA:521,41,0,4
BRDA:521,41,1,12
BRDA:563,42,0,72
BRDA:563,42,1,6
BRDA:583,43,0,5
BRDA:583,43,1,1
BRDA:586,44,0,6
BRDA:586,44,1,0
BRDA:587,45,0,1
BRDA:587,45,1,5
BRDA:588,46,0,1
BRDA:588,46,1,0
BRDA:593,47,0,6
BRDA:593,47,1,5
BRDA:606,48,0,72
BRDA:606,48,1,4
BRDA:631,49,0,2
BRDA:632,50,0,2
BRDA:651,51,0,2
BRDA:652,52,0,0
BRDA:687,53,0,72
BRDA:687,53,1,12
BRF:94
BRH:59
end_of_record
TN:
SF:src\Cell.tsx
FN:9,Cell
FN:13,(anonymous_1)
FN:27,(anonymous_2)
FN:35,(anonymous_3)
FN:71,(anonymous_4)
FNF:5
FNH:5
FNDA:288,Cell
FNDA:288,(anonymous_1)
FNDA:288,(anonymous_2)
FNDA:342,(anonymous_3)
FNDA:288,(anonymous_4)
DA:9,5
DA:10,288
DA:13,288
DA:14,288
DA:16,74
DA:18,32
DA:20,65
DA:22,117
DA:27,288
DA:28,288
DA:29,171
DA:31,117
DA:35,288
DA:37,342
DA:38,148
DA:41,194
DA:42,64
DA:45,130
DA:46,130
DA:48,4
DA:50,2
DA:52,124
DA:54,0
DA:58,0
DA:60,0
DA:62,0
DA:64,0
DA:66,0
DA:71,288
DA:72,288
DA:73,117
DA:76,171
DA:77,171
DA:80,171
DA:81,171
DA:84,171
DA:85,354
DA:86,354
DA:87,171
DA:88,171
DA:89,171
DA:93,171
DA:94,0
DA:98,171
DA:99,171
DA:101,51
DA:102,51
DA:104,58
DA:105,58
DA:107,61
DA:108,61
DA:110,1
DA:111,1
DA:113,0
DA:114,0
DA:117,0
DA:118,0
DA:120,0
DA:123,171
DA:124,171
DA:128,288
DA:129,288
DA:131,288
LF:63
LH:51
BRDA:9,0,0,288
BRDA:9,1,0,288
BRDA:14,2,0,74
BRDA:14,2,1,32
BRDA:14,2,2,65
BRDA:14,2,3,117
BRDA:28,3,0,171
BRDA:28,4,0,288
BRDA:28,4,1,214
BRDA:28,4,2,182
BRDA:37,5,0,148
BRDA:41,6,0,64
BRDA:45,7,0,130
BRDA:46,8,0,4
BRDA:46,8,1,2
BRDA:46,8,2,124
BRDA:46,8,3,0
BRDA:58,9,0,0
BRDA:58,9,1,0
BRDA:58,9,2,0
BRDA:58,9,3,0
BRDA:72,10,0,117
BRDA:86,11,0,171
BRDA:93,12,0,0
BRDA:99,13,0,51
BRDA:99,13,1,58
BRDA:99,13,2,61
BRDA:99,13,3,1
BRDA:99,13,4,0
BRDA:99,13,5,0
BRDA:99,13,6,0
BRDA:99,13,7,0
BRDA:141,14,0,0
BRDA:141,14,1,288
BRDA:142,15,0,117
BRDA:142,15,1,171
BRDA:146,16,0,288
BRDA:146,16,1,288
BRDA:146,16,2,118
BRDA:146,16,3,171
BRF:40
BRH:29
end_of_record
TN:
SF:src\Toast.tsx
FN:10,(anonymous_0)
FN:13,(anonymous_1)
FN:14,(anonymous_2)
FN:19,(anonymous_3)
FN:22,(anonymous_4)
FN:64,(anonymous_5)
FNF:6
FNH:4
FNDA:12,(anonymous_0)
FNDA:12,(anonymous_1)
FNDA:0,(anonymous_2)
FNDA:12,(anonymous_3)
FNDA:12,(anonymous_4)
FNDA:0,(anonymous_5)
DA:1,4
DA:10,4
DA:11,12
DA:13,12
DA:14,12
DA:15,0
DA:16,0
DA:19,12
DA:22,12
DA:23,12
DA:24,12
DA:31,0
DA:40,12
DA:42,12
DA:65,0
DA:66,0
DA:78,4
LF:17
LH:12
BRDA:10,0,0,12
BRDA:23,1,0,12
BRDA:23,1,1,0
BRDA:45,2,0,12
BRDA:45,2,1,0
BRDA:57,3,0,12
BRDA:57,3,1,0
BRF:7
BRH:4
end_of_record
TN:
SF:src\pinyin.ts
FN:5,getPinyin
FN:62,getFullPinyin
FN:76,getPinyinWithoutTone
FNF:3
FNH:3
FNDA:4,getPinyin
FNDA:2,getFullPinyin
FNDA:2,getPinyinWithoutTone
DA:1,1
DA:5,1
DA:7,4
DA:8,1
DA:15,3
DA:20,3
DA:21,0
DA:28,3
DA:31,3
DA:32,3
DA:33,3
DA:36,3
DA:43,3
DA:44,3
DA:46,3
DA:47,58
DA:48,2
DA:49,2
DA:50,2
DA:54,3
DA:62,1
DA:64,2
DA:65,1
DA:68,1
DA:72,1
DA:76,1
DA:78,2
DA:79,0
DA:82,2
DA:86,2
LF:30
LH:28
BRDA:7,0,0,1
BRDA:20,1,0,0
BRDA:20,2,0,3
BRDA:20,2,1,3
BRDA:20,2,2,3
BRDA:32,3,0,3
BRDA:32,3,1,0
BRDA:33,4,0,3
BRDA:33,4,1,0
BRDA:47,5,0,2
BRDA:64,6,0,1
BRDA:72,7,0,1
BRDA:72,7,1,0
BRDA:72,8,0,1
BRDA:72,8,1,1
BRDA:72,8,2,1
BRDA:78,9,0,0
BRDA:86,10,0,2
BRDA:86,10,1,0
BRDA:86,11,0,2
BRDA:86,11,1,2
BRDA:86,11,2,2
BRF:22
BRH:16
end_of_record
TN:
SF:src\useGame.ts
FN:10,createEmptyCell
FN:22,createEmptyRow
FN:27,checkGuess
FN:38,(anonymous_3)
FN:144,useGame
FN:153,(anonymous_5)
FN:157,(anonymous_6)
FN:169,(anonymous_7)
FN:179,(anonymous_8)
FN:191,(anonymous_9)
FN:193,(anonymous_10)
FN:202,(anonymous_11)
FN:204,(anonymous_12)
FN:208,(anonymous_13)
FN:213,(anonymous_14)
FN:220,(anonymous_15)
FN:226,(anonymous_16)
FN:237,(anonymous_17)
FNF:18
FNH:16
FNDA:272,createEmptyCell
FNDA:68,createEmptyRow
FNDA:44,checkGuess
FNDA:176,(anonymous_3)
FNDA:249,useGame
FNDA:25,(anonymous_5)
FNDA:25,(anonymous_6)
FNDA:1,(anonymous_7)
FNDA:1,(anonymous_8)
FNDA:115,(anonymous_9)
FNDA:113,(anonymous_10)
FNDA:109,(anonymous_11)
FNDA:108,(anonymous_12)
FNDA:51,(anonymous_13)
FNDA:0,(anonymous_14)
FNDA:0,(anonymous_15)
FNDA:44,(anonymous_16)
FNDA:50,(anonymous_17)
DA:1,1
DA:3,1
DA:4,1
DA:6,1
DA:7,1
DA:11,272
DA:23,68
DA:28,44
DA:29,44
DA:30,44
DA:33,44
DA:34,44
DA:35,44
DA:36,44
DA:38,44
DA:39,176
DA:40,176
DA:41,176
DA:42,176
DA:43,176
DA:47,44
DA:48,44
DA:49,44
DA:50,44
DA:52,44
DA:53,176
DA:54,176
DA:55,176
DA:56,176
DA:59,176
DA:60,8
DA:61,8
DA:63,168
DA:67,176
DA:68,8
DA:69,8
DA:71,168
DA:75,176
DA:76,8
DA:77,8
DA:79,168
DA:83,176
DA:84,50
DA:85,50
DA:87,126
DA:92,44
DA:93,176
DA:94,176
DA:97,176
DA:98,168
DA:99,0
DA:100,0
DA:105,176
DA:106,168
DA:107,0
DA:108,0
DA:113,176
DA:114,168
DA:115,0
DA:116,0
DA:121,176
DA:122,126
DA:123,0
DA:124,0
DA:130,44
DA:131,176
DA:141,44
DA:144,1
DA:145,249
DA:146,249
DA:147,249
DA:148,249
DA:149,249
DA:150,249
DA:153,249
DA:154,25
DA:157,249
DA:158,25
DA:159,25
DA:161,25
DA:162,25
DA:163,25
DA:164,25
DA:165,25
DA:169,249
DA:171,1
DA:172,1
DA:173,1
DA:174,1
DA:175,1
DA:179,249
DA:180,1
DA:181,1
DA:183,1
DA:184,1
DA:185,1
DA:186,1
DA:187,1
DA:191,249
DA:192,115
DA:193,113
DA:194,113
DA:195,112
DA:197,1
DA:202,249
DA:203,109
DA:204,108
DA:208,249
DA:209,51
DA:210,50
DA:211,5
DA:212,5
DA:213,5
DA:214,5
DA:217,45
DA:218,1
DA:219,1
DA:220,1
DA:221,1
DA:224,44
DA:226,44
DA:227,44
DA:228,44
DA:230,44
DA:231,41
DA:233,44
DA:237,50
DA:239,44
DA:240,2
DA:241,2
DA:242,42
DA:243,3
DA:244,3
DA:246,39
DA:252,249
LF:135
LH:127
BRDA:40,0,0,176
BRDA:40,0,1,88
BRDA:41,1,0,176
BRDA:41,1,1,88
BRDA:42,2,0,176
BRDA:42,2,1,88
BRDA:43,3,0,176
BRDA:43,3,1,44
BRDA:59,4,0,8
BRDA:59,4,1,168
BRDA:67,5,0,8
BRDA:67,5,1,168
BRDA:75,6,0,8
BRDA:75,6,1,168
BRDA:83,7,0,50
BRDA:83,7,1,126
BRDA:97,8,0,168
BRDA:98,9,0,0
BRDA:105,10,0,168
BRDA:106,11,0,0
BRDA:113,12,0,168
BRDA:114,13,0,0
BRDA:121,14,0,126
BRDA:122,15,0,0
BRDA:192,16,0,2
BRDA:194,17,0,112
BRDA:203,18,0,1
BRDA:209,19,0,1
BRDA:210,20,0,5
BRDA:217,21,0,1
BRDA:230,22,0,41
BRDA:239,23,0,2
BRDA:239,23,1,42
BRDA:242,24,0,3
BRDA:242,24,1,39
BRF:35
BRH:31
end_of_record
TN:
SF:src\words.ts
FN:646,getDailyIdiom
FN:654,getRandomIdiom
FN:659,isValidIdiom
FNF:3
FNH:3
FNDA:1,getDailyIdiom
FNDA:1,getRandomIdiom
FNDA:6,isValidIdiom
DA:2,1
DA:646,1
DA:647,1
DA:648,1
DA:649,1
DA:650,1
DA:654,1
DA:655,1
DA:659,1
DA:660,6
DA:662,3
LF:11
LH:11
BRDA:660,0,0,3
BRF:1
BRH:1
end_of_record
